[0.344s] Invoking command in '/home/zephyrus/Desktop/IoT/IoT/IoT-Project-2024/src/project_main': PYTHONPATH=/home/zephyrus/Desktop/IoT/IoT/IoT-Project-2024/build/project_main/prefix_override:/usr/lib/python3/dist-packages/colcon_core/task/python/colcon_distutils_commands:/home/zephyrus/Desktop/IoT/IoT/IoT-Project-2024/install/project_main/lib/python3.10/site-packages:${PYTHONPATH} /usr/bin/python3 -W ignore:setup.py install is deprecated setup.py egg_info --egg-base ../../build/project_main build --build-base /home/zephyrus/Desktop/IoT/IoT/IoT-Project-2024/build/project_main/build install --record /home/zephyrus/Desktop/IoT/IoT/IoT-Project-2024/build/project_main/install.log --single-version-externally-managed install_data
[0.471s] running egg_info
[0.472s] writing ../../build/project_main/project_main.egg-info/PKG-INFO
[0.472s] writing dependency_links to ../../build/project_main/project_main.egg-info/dependency_links.txt
[0.472s] writing entry points to ../../build/project_main/project_main.egg-info/entry_points.txt
[0.472s] writing requirements to ../../build/project_main/project_main.egg-info/requires.txt
[0.472s] writing top-level names to ../../build/project_main/project_main.egg-info/top_level.txt
[0.473s] reading manifest file '../../build/project_main/project_main.egg-info/SOURCES.txt'
[0.473s] writing manifest file '../../build/project_main/project_main.egg-info/SOURCES.txt'
[0.473s] running build
[0.473s] running build_py
[0.473s] copying project_main/balloon_controller.py -> /home/zephyrus/Desktop/IoT/IoT/IoT-Project-2024/build/project_main/build/lib/project_main
[0.476s] copying project_main/simulation_manager.py -> /home/zephyrus/Desktop/IoT/IoT/IoT-Project-2024/build/project_main/build/lib/project_main
[0.476s] running install
[0.476s] running install_lib
[0.476s] copying /home/zephyrus/Desktop/IoT/IoT/IoT-Project-2024/build/project_main/build/lib/project_main/balloon_controller.py -> /home/zephyrus/Desktop/IoT/IoT/IoT-Project-2024/install/project_main/lib/python3.10/site-packages/project_main
[0.476s] copying /home/zephyrus/Desktop/IoT/IoT/IoT-Project-2024/build/project_main/build/lib/project_main/simulation_manager.py -> /home/zephyrus/Desktop/IoT/IoT/IoT-Project-2024/install/project_main/lib/python3.10/site-packages/project_main
[0.476s] byte-compiling /home/zephyrus/Desktop/IoT/IoT/IoT-Project-2024/install/project_main/lib/python3.10/site-packages/project_main/balloon_controller.py to balloon_controller.cpython-310.pyc
[0.476s] byte-compiling /home/zephyrus/Desktop/IoT/IoT/IoT-Project-2024/install/project_main/lib/python3.10/site-packages/project_main/simulation_manager.py to simulation_manager.cpython-310.pyc
[0.477s] running install_data
[0.477s] running install_egg_info
[0.478s] removing '/home/zephyrus/Desktop/IoT/IoT/IoT-Project-2024/install/project_main/lib/python3.10/site-packages/project_main-0.0.0-py3.10.egg-info' (and everything under it)
[0.479s] Copying ../../build/project_main/project_main.egg-info to /home/zephyrus/Desktop/IoT/IoT/IoT-Project-2024/install/project_main/lib/python3.10/site-packages/project_main-0.0.0-py3.10.egg-info
[0.479s] running install_scripts
[0.493s] Installing balloon_controller script to /home/zephyrus/Desktop/IoT/IoT/IoT-Project-2024/install/project_main/lib/project_main
[0.493s] Installing base_station script to /home/zephyrus/Desktop/IoT/IoT/IoT-Project-2024/install/project_main/lib/project_main
[0.493s] Installing fleet_coordinator script to /home/zephyrus/Desktop/IoT/IoT/IoT-Project-2024/install/project_main/lib/project_main
[0.493s] Installing sensor_controller script to /home/zephyrus/Desktop/IoT/IoT/IoT-Project-2024/install/project_main/lib/project_main
[0.493s] Installing simulation_manager script to /home/zephyrus/Desktop/IoT/IoT/IoT-Project-2024/install/project_main/lib/project_main
[0.493s] writing list of installed files to '/home/zephyrus/Desktop/IoT/IoT/IoT-Project-2024/build/project_main/install.log'
[0.508s] Invoked command in '/home/zephyrus/Desktop/IoT/IoT/IoT-Project-2024/src/project_main' returned '0': PYTHONPATH=/home/zephyrus/Desktop/IoT/IoT/IoT-Project-2024/build/project_main/prefix_override:/usr/lib/python3/dist-packages/colcon_core/task/python/colcon_distutils_commands:/home/zephyrus/Desktop/IoT/IoT/IoT-Project-2024/install/project_main/lib/python3.10/site-packages:${PYTHONPATH} /usr/bin/python3 -W ignore:setup.py install is deprecated setup.py egg_info --egg-base ../../build/project_main build --build-base /home/zephyrus/Desktop/IoT/IoT/IoT-Project-2024/build/project_main/build install --record /home/zephyrus/Desktop/IoT/IoT/IoT-Project-2024/build/project_main/install.log --single-version-externally-managed install_data
