[0.377s] Invoking command in '/home/zephyrus/Desktop/IoT/IoT/IoT-Project-2024/src/project_main': PYTHONPATH=/home/zephyrus/Desktop/IoT/IoT/IoT-Project-2024/build/project_main/prefix_override:/usr/lib/python3/dist-packages/colcon_core/task/python/colcon_distutils_commands:/home/zephyrus/Desktop/IoT/IoT/IoT-Project-2024/install/project_main/lib/python3.10/site-packages:${PYTHONPATH} /usr/bin/python3 -W ignore:setup.py install is deprecated setup.py egg_info --egg-base ../../build/project_main build --build-base /home/zephyrus/Desktop/IoT/IoT/IoT-Project-2024/build/project_main/build install --record /home/zephyrus/Desktop/IoT/IoT/IoT-Project-2024/build/project_main/install.log --single-version-externally-managed install_data
[0.503s] running egg_info
[0.503s] writing ../../build/project_main/project_main.egg-info/PKG-INFO
[0.504s] writing dependency_links to ../../build/project_main/project_main.egg-info/dependency_links.txt
[0.504s] writing entry points to ../../build/project_main/project_main.egg-info/entry_points.txt
[0.504s] writing requirements to ../../build/project_main/project_main.egg-info/requires.txt
[0.504s] writing top-level names to ../../build/project_main/project_main.egg-info/top_level.txt
[0.505s] reading manifest file '../../build/project_main/project_main.egg-info/SOURCES.txt'
[0.505s] writing manifest file '../../build/project_main/project_main.egg-info/SOURCES.txt'
[0.505s] running build
[0.505s] running build_py
[0.505s] copying project_main/balloon_controller.py -> /home/zephyrus/Desktop/IoT/IoT/IoT-Project-2024/build/project_main/build/lib/project_main
[0.506s] copying project_main/sensor_controller.py -> /home/zephyrus/Desktop/IoT/IoT/IoT-Project-2024/build/project_main/build/lib/project_main
[0.506s] running install
[0.506s] running install_lib
[0.507s] copying /home/zephyrus/Desktop/IoT/IoT/IoT-Project-2024/build/project_main/build/lib/project_main/balloon_controller.py -> /home/zephyrus/Desktop/IoT/IoT/IoT-Project-2024/install/project_main/lib/python3.10/site-packages/project_main
[0.507s] copying /home/zephyrus/Desktop/IoT/IoT/IoT-Project-2024/build/project_main/build/lib/project_main/sensor_controller.py -> /home/zephyrus/Desktop/IoT/IoT/IoT-Project-2024/install/project_main/lib/python3.10/site-packages/project_main
[0.507s] byte-compiling /home/zephyrus/Desktop/IoT/IoT/IoT-Project-2024/install/project_main/lib/python3.10/site-packages/project_main/balloon_controller.py to balloon_controller.cpython-310.pyc
[0.509s] byte-compiling /home/zephyrus/Desktop/IoT/IoT/IoT-Project-2024/install/project_main/lib/python3.10/site-packages/project_main/sensor_controller.py to sensor_controller.cpython-310.pyc
[0.509s] Sorry: IndentationError: unindent does not match any outer indentation level (sensor_controller.py, line 95)
[0.510s] running install_data
[0.510s] running install_egg_info
[0.510s] removing '/home/zephyrus/Desktop/IoT/IoT/IoT-Project-2024/install/project_main/lib/python3.10/site-packages/project_main-0.0.0-py3.10.egg-info' (and everything under it)
[0.510s] Copying ../../build/project_main/project_main.egg-info to /home/zephyrus/Desktop/IoT/IoT/IoT-Project-2024/install/project_main/lib/python3.10/site-packages/project_main-0.0.0-py3.10.egg-info
[0.511s] running install_scripts
[0.523s] Installing balloon_controller script to /home/zephyrus/Desktop/IoT/IoT/IoT-Project-2024/install/project_main/lib/project_main
[0.523s] Installing base_station script to /home/zephyrus/Desktop/IoT/IoT/IoT-Project-2024/install/project_main/lib/project_main
[0.523s] Installing fleet_coordinator script to /home/zephyrus/Desktop/IoT/IoT/IoT-Project-2024/install/project_main/lib/project_main
[0.524s] Installing sensor_controller script to /home/zephyrus/Desktop/IoT/IoT/IoT-Project-2024/install/project_main/lib/project_main
[0.524s] Installing simulation_manager script to /home/zephyrus/Desktop/IoT/IoT/IoT-Project-2024/install/project_main/lib/project_main
[0.524s] writing list of installed files to '/home/zephyrus/Desktop/IoT/IoT/IoT-Project-2024/build/project_main/install.log'
[0.543s] Invoked command in '/home/zephyrus/Desktop/IoT/IoT/IoT-Project-2024/src/project_main' returned '0': PYTHONPATH=/home/zephyrus/Desktop/IoT/IoT/IoT-Project-2024/build/project_main/prefix_override:/usr/lib/python3/dist-packages/colcon_core/task/python/colcon_distutils_commands:/home/zephyrus/Desktop/IoT/IoT/IoT-Project-2024/install/project_main/lib/python3.10/site-packages:${PYTHONPATH} /usr/bin/python3 -W ignore:setup.py install is deprecated setup.py egg_info --egg-base ../../build/project_main build --build-base /home/zephyrus/Desktop/IoT/IoT/IoT-Project-2024/build/project_main/build install --record /home/zephyrus/Desktop/IoT/IoT/IoT-Project-2024/build/project_main/install.log --single-version-externally-managed install_data
