[0.009s] Invoking command in '/home/zephyrus/Desktop/IoT/IoT-Project-2024/build/project_interfaces': CMAKE_PREFIX_PATH=${CMAKE_PREFIX_PATH}:/home/zephyrus/Desktop/IoT/IoT-Project-2024/install/project_main:/opt/ros/humble /usr/bin/cmake --build /home/zephyrus/Desktop/IoT/IoT-Project-2024/build/project_interfaces -- -j8 -l8
[0.052s] [ 10%] Built target project_interfaces__rosidl_generator_c
[0.052s] [ 12%] Built target project_interfaces__cpp
[0.060s] [ 12%] Built target ament_cmake_python_copy_project_interfaces
[0.067s] [ 43%] Built target project_interfaces__rosidl_typesupport_fastrtps_c
[0.067s] [ 43%] Built target project_interfaces__rosidl_typesupport_introspection_c
[0.067s] [ 43%] Built target project_interfaces__rosidl_typesupport_introspection_cpp
[0.073s] [ 53%] Built target project_interfaces__rosidl_typesupport_c
[0.074s] [ 64%] Built target project_interfaces__rosidl_typesupport_fastrtps_cpp
[0.074s] [ 74%] Built target project_interfaces__rosidl_typesupport_cpp
[0.089s] [ 74%] Built target project_interfaces
[0.103s] [ 76%] Built target project_interfaces__py
[0.120s] [ 84%] Built target project_interfaces__rosidl_generator_py
[0.137s] [ 89%] Built target project_interfaces__rosidl_typesupport_introspection_c__pyext
[0.137s] [ 94%] Built target project_interfaces__rosidl_typesupport_fastrtps_c__pyext
[0.141s] [100%] Built target project_interfaces__rosidl_typesupport_c__pyext
[0.212s] running egg_info
[0.213s] writing project_interfaces.egg-info/PKG-INFO
[0.213s] writing dependency_links to project_interfaces.egg-info/dependency_links.txt
[0.213s] writing top-level names to project_interfaces.egg-info/top_level.txt
[0.215s] reading manifest file 'project_interfaces.egg-info/SOURCES.txt'
[0.215s] writing manifest file 'project_interfaces.egg-info/SOURCES.txt'
[0.236s] [100%] Built target ament_cmake_python_build_project_interfaces_egg
[0.242s] Invoked command in '/home/zephyrus/Desktop/IoT/IoT-Project-2024/build/project_interfaces' returned '0': CMAKE_PREFIX_PATH=${CMAKE_PREFIX_PATH}:/home/zephyrus/Desktop/IoT/IoT-Project-2024/install/project_main:/opt/ros/humble /usr/bin/cmake --build /home/zephyrus/Desktop/IoT/IoT-Project-2024/build/project_interfaces -- -j8 -l8
[0.300s] Invoking command in '/home/zephyrus/Desktop/IoT/IoT-Project-2024/build/project_interfaces': CMAKE_PREFIX_PATH=${CMAKE_PREFIX_PATH}:/home/zephyrus/Desktop/IoT/IoT-Project-2024/install/project_main:/opt/ros/humble /usr/bin/cmake --install /home/zephyrus/Desktop/IoT/IoT-Project-2024/build/project_interfaces
[0.305s] -- Install configuration: ""
[0.305s] -- Up-to-date: /home/zephyrus/Desktop/IoT/IoT-Project-2024/install/project_interfaces/share/ament_index/resource_index/rosidl_interfaces/project_interfaces
[0.305s] -- Up-to-date: /home/zephyrus/Desktop/IoT/IoT-Project-2024/install/project_interfaces/include/project_interfaces/project_interfaces
[0.305s] -- Up-to-date: /home/zephyrus/Desktop/IoT/IoT-Project-2024/install/project_interfaces/include/project_interfaces/project_interfaces/msg
[0.305s] -- Up-to-date: /home/zephyrus/Desktop/IoT/IoT-Project-2024/install/project_interfaces/include/project_interfaces/project_interfaces/msg/rosidl_generator_c__visibility_control.h
[0.306s] -- Up-to-date: /home/zephyrus/Desktop/IoT/IoT-Project-2024/install/project_interfaces/include/project_interfaces/project_interfaces/action
[0.306s] -- Up-to-date: /home/zephyrus/Desktop/IoT/IoT-Project-2024/install/project_interfaces/include/project_interfaces/project_interfaces/action/detail
[0.306s] -- Up-to-date: /home/zephyrus/Desktop/IoT/IoT-Project-2024/install/project_interfaces/include/project_interfaces/project_interfaces/action/detail/patrol__functions.h
[0.306s] -- Up-to-date: /home/zephyrus/Desktop/IoT/IoT-Project-2024/install/project_interfaces/include/project_interfaces/project_interfaces/action/detail/patrol__type_support.h
[0.306s] -- Up-to-date: /home/zephyrus/Desktop/IoT/IoT-Project-2024/install/project_interfaces/include/project_interfaces/project_interfaces/action/detail/patrol__struct.h
[0.306s] -- Up-to-date: /home/zephyrus/Desktop/IoT/IoT-Project-2024/install/project_interfaces/include/project_interfaces/project_interfaces/action/detail/request_sensor__struct.h
[0.306s] -- Up-to-date: /home/zephyrus/Desktop/IoT/IoT-Project-2024/install/project_interfaces/include/project_interfaces/project_interfaces/action/detail/request_sensor__functions.h
[0.306s] -- Up-to-date: /home/zephyrus/Desktop/IoT/IoT-Project-2024/install/project_interfaces/include/project_interfaces/project_interfaces/action/detail/request_sensor__type_support.h
[0.306s] -- Up-to-date: /home/zephyrus/Desktop/IoT/IoT-Project-2024/install/project_interfaces/include/project_interfaces/project_interfaces/action/detail/request_sensor__functions.c
[0.306s] -- Up-to-date: /home/zephyrus/Desktop/IoT/IoT-Project-2024/install/project_interfaces/include/project_interfaces/project_interfaces/action/detail/patrol__functions.c
[0.306s] -- Up-to-date: /home/zephyrus/Desktop/IoT/IoT-Project-2024/install/project_interfaces/include/project_interfaces/project_interfaces/action/patrol.h
[0.306s] -- Up-to-date: /home/zephyrus/Desktop/IoT/IoT-Project-2024/install/project_interfaces/include/project_interfaces/project_interfaces/action/request_sensor.h
[0.306s] -- Up-to-date: /home/zephyrus/Desktop/IoT/IoT-Project-2024/install/project_interfaces/share/project_interfaces/environment/library_path.sh
[0.306s] -- Up-to-date: /home/zephyrus/Desktop/IoT/IoT-Project-2024/install/project_interfaces/share/project_interfaces/environment/library_path.dsv
[0.306s] -- Up-to-date: /home/zephyrus/Desktop/IoT/IoT-Project-2024/install/project_interfaces/lib/libproject_interfaces__rosidl_generator_c.so
[0.306s] -- Up-to-date: /home/zephyrus/Desktop/IoT/IoT-Project-2024/install/project_interfaces/include/project_interfaces/project_interfaces
[0.306s] -- Up-to-date: /home/zephyrus/Desktop/IoT/IoT-Project-2024/install/project_interfaces/include/project_interfaces/project_interfaces/msg
[0.306s] -- Up-to-date: /home/zephyrus/Desktop/IoT/IoT-Project-2024/install/project_interfaces/include/project_interfaces/project_interfaces/msg/rosidl_typesupport_fastrtps_c__visibility_control.h
[0.306s] -- Up-to-date: /home/zephyrus/Desktop/IoT/IoT-Project-2024/install/project_interfaces/include/project_interfaces/project_interfaces/action
[0.306s] -- Up-to-date: /home/zephyrus/Desktop/IoT/IoT-Project-2024/install/project_interfaces/include/project_interfaces/project_interfaces/action/detail
[0.306s] -- Up-to-date: /home/zephyrus/Desktop/IoT/IoT-Project-2024/install/project_interfaces/include/project_interfaces/project_interfaces/action/detail/request_sensor__rosidl_typesupport_fastrtps_c.h
[0.306s] -- Up-to-date: /home/zephyrus/Desktop/IoT/IoT-Project-2024/install/project_interfaces/include/project_interfaces/project_interfaces/action/detail/patrol__rosidl_typesupport_fastrtps_c.h
[0.307s] -- Up-to-date: /home/zephyrus/Desktop/IoT/IoT-Project-2024/install/project_interfaces/lib/libproject_interfaces__rosidl_typesupport_fastrtps_c.so
[0.307s] -- Up-to-date: /home/zephyrus/Desktop/IoT/IoT-Project-2024/install/project_interfaces/include/project_interfaces/project_interfaces
[0.307s] -- Up-to-date: /home/zephyrus/Desktop/IoT/IoT-Project-2024/install/project_interfaces/include/project_interfaces/project_interfaces/msg
[0.307s] -- Up-to-date: /home/zephyrus/Desktop/IoT/IoT-Project-2024/install/project_interfaces/include/project_interfaces/project_interfaces/msg/rosidl_typesupport_introspection_c__visibility_control.h
[0.307s] -- Up-to-date: /home/zephyrus/Desktop/IoT/IoT-Project-2024/install/project_interfaces/include/project_interfaces/project_interfaces/action
[0.307s] -- Up-to-date: /home/zephyrus/Desktop/IoT/IoT-Project-2024/install/project_interfaces/include/project_interfaces/project_interfaces/action/detail
[0.307s] -- Up-to-date: /home/zephyrus/Desktop/IoT/IoT-Project-2024/install/project_interfaces/include/project_interfaces/project_interfaces/action/detail/patrol__rosidl_typesupport_introspection_c.h
[0.307s] -- Up-to-date: /home/zephyrus/Desktop/IoT/IoT-Project-2024/install/project_interfaces/include/project_interfaces/project_interfaces/action/detail/patrol__type_support.c
[0.307s] -- Up-to-date: /home/zephyrus/Desktop/IoT/IoT-Project-2024/install/project_interfaces/include/project_interfaces/project_interfaces/action/detail/request_sensor__rosidl_typesupport_introspection_c.h
[0.307s] -- Up-to-date: /home/zephyrus/Desktop/IoT/IoT-Project-2024/install/project_interfaces/include/project_interfaces/project_interfaces/action/detail/request_sensor__type_support.c
[0.307s] -- Up-to-date: /home/zephyrus/Desktop/IoT/IoT-Project-2024/install/project_interfaces/lib/libproject_interfaces__rosidl_typesupport_introspection_c.so
[0.307s] -- Up-to-date: /home/zephyrus/Desktop/IoT/IoT-Project-2024/install/project_interfaces/lib/libproject_interfaces__rosidl_typesupport_c.so
[0.307s] -- Up-to-date: /home/zephyrus/Desktop/IoT/IoT-Project-2024/install/project_interfaces/include/project_interfaces/project_interfaces
[0.307s] -- Up-to-date: /home/zephyrus/Desktop/IoT/IoT-Project-2024/install/project_interfaces/include/project_interfaces/project_interfaces/action
[0.307s] -- Up-to-date: /home/zephyrus/Desktop/IoT/IoT-Project-2024/install/project_interfaces/include/project_interfaces/project_interfaces/action/detail
[0.307s] -- Up-to-date: /home/zephyrus/Desktop/IoT/IoT-Project-2024/install/project_interfaces/include/project_interfaces/project_interfaces/action/detail/patrol__traits.hpp
[0.307s] -- Up-to-date: /home/zephyrus/Desktop/IoT/IoT-Project-2024/install/project_interfaces/include/project_interfaces/project_interfaces/action/detail/patrol__builder.hpp
[0.307s] -- Up-to-date: /home/zephyrus/Desktop/IoT/IoT-Project-2024/install/project_interfaces/include/project_interfaces/project_interfaces/action/detail/request_sensor__struct.hpp
[0.307s] -- Up-to-date: /home/zephyrus/Desktop/IoT/IoT-Project-2024/install/project_interfaces/include/project_interfaces/project_interfaces/action/detail/request_sensor__builder.hpp
[0.307s] -- Up-to-date: /home/zephyrus/Desktop/IoT/IoT-Project-2024/install/project_interfaces/include/project_interfaces/project_interfaces/action/detail/request_sensor__traits.hpp
[0.308s] -- Up-to-date: /home/zephyrus/Desktop/IoT/IoT-Project-2024/install/project_interfaces/include/project_interfaces/project_interfaces/action/detail/patrol__struct.hpp
[0.308s] -- Up-to-date: /home/zephyrus/Desktop/IoT/IoT-Project-2024/install/project_interfaces/include/project_interfaces/project_interfaces/action/request_sensor.hpp
[0.308s] -- Up-to-date: /home/zephyrus/Desktop/IoT/IoT-Project-2024/install/project_interfaces/include/project_interfaces/project_interfaces/action/patrol.hpp
[0.308s] -- Up-to-date: /home/zephyrus/Desktop/IoT/IoT-Project-2024/install/project_interfaces/include/project_interfaces/project_interfaces
[0.308s] -- Up-to-date: /home/zephyrus/Desktop/IoT/IoT-Project-2024/install/project_interfaces/include/project_interfaces/project_interfaces/msg
[0.308s] -- Up-to-date: /home/zephyrus/Desktop/IoT/IoT-Project-2024/install/project_interfaces/include/project_interfaces/project_interfaces/msg/rosidl_typesupport_fastrtps_cpp__visibility_control.h
[0.308s] -- Up-to-date: /home/zephyrus/Desktop/IoT/IoT-Project-2024/install/project_interfaces/include/project_interfaces/project_interfaces/action
[0.308s] -- Up-to-date: /home/zephyrus/Desktop/IoT/IoT-Project-2024/install/project_interfaces/include/project_interfaces/project_interfaces/action/detail
[0.308s] -- Up-to-date: /home/zephyrus/Desktop/IoT/IoT-Project-2024/install/project_interfaces/include/project_interfaces/project_interfaces/action/detail/request_sensor__rosidl_typesupport_fastrtps_cpp.hpp
[0.308s] -- Up-to-date: /home/zephyrus/Desktop/IoT/IoT-Project-2024/install/project_interfaces/include/project_interfaces/project_interfaces/action/detail/dds_fastrtps
[0.308s] -- Up-to-date: /home/zephyrus/Desktop/IoT/IoT-Project-2024/install/project_interfaces/include/project_interfaces/project_interfaces/action/detail/patrol__rosidl_typesupport_fastrtps_cpp.hpp
[0.308s] -- Up-to-date: /home/zephyrus/Desktop/IoT/IoT-Project-2024/install/project_interfaces/lib/libproject_interfaces__rosidl_typesupport_fastrtps_cpp.so
[0.308s] -- Up-to-date: /home/zephyrus/Desktop/IoT/IoT-Project-2024/install/project_interfaces/include/project_interfaces/project_interfaces
[0.308s] -- Up-to-date: /home/zephyrus/Desktop/IoT/IoT-Project-2024/install/project_interfaces/include/project_interfaces/project_interfaces/action
[0.308s] -- Up-to-date: /home/zephyrus/Desktop/IoT/IoT-Project-2024/install/project_interfaces/include/project_interfaces/project_interfaces/action/detail
[0.308s] -- Up-to-date: /home/zephyrus/Desktop/IoT/IoT-Project-2024/install/project_interfaces/include/project_interfaces/project_interfaces/action/detail/request_sensor__rosidl_typesupport_introspection_cpp.hpp
[0.308s] -- Up-to-date: /home/zephyrus/Desktop/IoT/IoT-Project-2024/install/project_interfaces/include/project_interfaces/project_interfaces/action/detail/patrol__type_support.cpp
[0.308s] -- Up-to-date: /home/zephyrus/Desktop/IoT/IoT-Project-2024/install/project_interfaces/include/project_interfaces/project_interfaces/action/detail/request_sensor__type_support.cpp
[0.308s] -- Up-to-date: /home/zephyrus/Desktop/IoT/IoT-Project-2024/install/project_interfaces/include/project_interfaces/project_interfaces/action/detail/patrol__rosidl_typesupport_introspection_cpp.hpp
[0.308s] -- Up-to-date: /home/zephyrus/Desktop/IoT/IoT-Project-2024/install/project_interfaces/lib/libproject_interfaces__rosidl_typesupport_introspection_cpp.so
[0.308s] -- Up-to-date: /home/zephyrus/Desktop/IoT/IoT-Project-2024/install/project_interfaces/lib/libproject_interfaces__rosidl_typesupport_cpp.so
[0.308s] -- Up-to-date: /home/zephyrus/Desktop/IoT/IoT-Project-2024/install/project_interfaces/share/project_interfaces/environment/pythonpath.sh
[0.308s] -- Up-to-date: /home/zephyrus/Desktop/IoT/IoT-Project-2024/install/project_interfaces/share/project_interfaces/environment/pythonpath.dsv
[0.308s] -- Up-to-date: /home/zephyrus/Desktop/IoT/IoT-Project-2024/install/project_interfaces/local/lib/python3.10/dist-packages/project_interfaces-1.0.0-py3.10.egg-info
[0.308s] -- Installing: /home/zephyrus/Desktop/IoT/IoT-Project-2024/install/project_interfaces/local/lib/python3.10/dist-packages/project_interfaces-1.0.0-py3.10.egg-info/SOURCES.txt
[0.308s] -- Installing: /home/zephyrus/Desktop/IoT/IoT-Project-2024/install/project_interfaces/local/lib/python3.10/dist-packages/project_interfaces-1.0.0-py3.10.egg-info/dependency_links.txt
[0.308s] -- Installing: /home/zephyrus/Desktop/IoT/IoT-Project-2024/install/project_interfaces/local/lib/python3.10/dist-packages/project_interfaces-1.0.0-py3.10.egg-info/top_level.txt
[0.309s] -- Installing: /home/zephyrus/Desktop/IoT/IoT-Project-2024/install/project_interfaces/local/lib/python3.10/dist-packages/project_interfaces-1.0.0-py3.10.egg-info/PKG-INFO
[0.309s] -- Up-to-date: /home/zephyrus/Desktop/IoT/IoT-Project-2024/install/project_interfaces/local/lib/python3.10/dist-packages/project_interfaces
[0.309s] -- Up-to-date: /home/zephyrus/Desktop/IoT/IoT-Project-2024/install/project_interfaces/local/lib/python3.10/dist-packages/project_interfaces/__init__.py
[0.309s] -- Up-to-date: /home/zephyrus/Desktop/IoT/IoT-Project-2024/install/project_interfaces/local/lib/python3.10/dist-packages/project_interfaces/_project_interfaces_s.ep.rosidl_typesupport_c.c
[0.309s] -- Up-to-date: /home/zephyrus/Desktop/IoT/IoT-Project-2024/install/project_interfaces/local/lib/python3.10/dist-packages/project_interfaces/action
[0.309s] -- Up-to-date: /home/zephyrus/Desktop/IoT/IoT-Project-2024/install/project_interfaces/local/lib/python3.10/dist-packages/project_interfaces/action/__init__.py
[0.309s] -- Up-to-date: /home/zephyrus/Desktop/IoT/IoT-Project-2024/install/project_interfaces/local/lib/python3.10/dist-packages/project_interfaces/action/_request_sensor_s.c
[0.309s] -- Up-to-date: /home/zephyrus/Desktop/IoT/IoT-Project-2024/install/project_interfaces/local/lib/python3.10/dist-packages/project_interfaces/action/_request_sensor.py
[0.309s] -- Up-to-date: /home/zephyrus/Desktop/IoT/IoT-Project-2024/install/project_interfaces/local/lib/python3.10/dist-packages/project_interfaces/action/_patrol.py
[0.309s] -- Up-to-date: /home/zephyrus/Desktop/IoT/IoT-Project-2024/install/project_interfaces/local/lib/python3.10/dist-packages/project_interfaces/action/_patrol_s.c
[0.309s] -- Up-to-date: /home/zephyrus/Desktop/IoT/IoT-Project-2024/install/project_interfaces/local/lib/python3.10/dist-packages/project_interfaces/_project_interfaces_s.ep.rosidl_typesupport_introspection_c.c
[0.309s] -- Up-to-date: /home/zephyrus/Desktop/IoT/IoT-Project-2024/install/project_interfaces/local/lib/python3.10/dist-packages/project_interfaces/project_interfaces_s__rosidl_typesupport_introspection_c.cpython-310-x86_64-linux-gnu.so
[0.309s] -- Up-to-date: /home/zephyrus/Desktop/IoT/IoT-Project-2024/install/project_interfaces/local/lib/python3.10/dist-packages/project_interfaces/_project_interfaces_s.ep.rosidl_typesupport_fastrtps_c.c
[0.309s] -- Up-to-date: /home/zephyrus/Desktop/IoT/IoT-Project-2024/install/project_interfaces/local/lib/python3.10/dist-packages/project_interfaces/project_interfaces_s__rosidl_typesupport_fastrtps_c.cpython-310-x86_64-linux-gnu.so
[0.309s] -- Up-to-date: /home/zephyrus/Desktop/IoT/IoT-Project-2024/install/project_interfaces/local/lib/python3.10/dist-packages/project_interfaces/libproject_interfaces__rosidl_generator_py.so
[0.309s] -- Up-to-date: /home/zephyrus/Desktop/IoT/IoT-Project-2024/install/project_interfaces/local/lib/python3.10/dist-packages/project_interfaces/project_interfaces_s__rosidl_typesupport_c.cpython-310-x86_64-linux-gnu.so
[0.336s] Listing '/home/zephyrus/Desktop/IoT/IoT-Project-2024/install/project_interfaces/local/lib/python3.10/dist-packages/project_interfaces'...
[0.336s] Listing '/home/zephyrus/Desktop/IoT/IoT-Project-2024/install/project_interfaces/local/lib/python3.10/dist-packages/project_interfaces/action'...
[0.339s] -- Up-to-date: /home/zephyrus/Desktop/IoT/IoT-Project-2024/install/project_interfaces/local/lib/python3.10/dist-packages/project_interfaces/project_interfaces_s__rosidl_typesupport_fastrtps_c.cpython-310-x86_64-linux-gnu.so
[0.339s] -- Up-to-date: /home/zephyrus/Desktop/IoT/IoT-Project-2024/install/project_interfaces/local/lib/python3.10/dist-packages/project_interfaces/project_interfaces_s__rosidl_typesupport_introspection_c.cpython-310-x86_64-linux-gnu.so
[0.339s] -- Up-to-date: /home/zephyrus/Desktop/IoT/IoT-Project-2024/install/project_interfaces/local/lib/python3.10/dist-packages/project_interfaces/project_interfaces_s__rosidl_typesupport_c.cpython-310-x86_64-linux-gnu.so
[0.339s] -- Up-to-date: /home/zephyrus/Desktop/IoT/IoT-Project-2024/install/project_interfaces/lib/libproject_interfaces__rosidl_generator_py.so
[0.339s] -- Up-to-date: /home/zephyrus/Desktop/IoT/IoT-Project-2024/install/project_interfaces/share/project_interfaces/action/Patrol.idl
[0.339s] -- Up-to-date: /home/zephyrus/Desktop/IoT/IoT-Project-2024/install/project_interfaces/share/project_interfaces/action/RequestSensor.idl
[0.339s] -- Up-to-date: /home/zephyrus/Desktop/IoT/IoT-Project-2024/install/project_interfaces/share/project_interfaces/action/Patrol.action
[0.339s] -- Up-to-date: /home/zephyrus/Desktop/IoT/IoT-Project-2024/install/project_interfaces/share/project_interfaces/action/RequestSensor.action
[0.340s] -- Up-to-date: /home/zephyrus/Desktop/IoT/IoT-Project-2024/install/project_interfaces/share/ament_index/resource_index/package_run_dependencies/project_interfaces
[0.340s] -- Up-to-date: /home/zephyrus/Desktop/IoT/IoT-Project-2024/install/project_interfaces/share/ament_index/resource_index/parent_prefix_path/project_interfaces
[0.340s] -- Up-to-date: /home/zephyrus/Desktop/IoT/IoT-Project-2024/install/project_interfaces/share/project_interfaces/environment/ament_prefix_path.sh
[0.340s] -- Up-to-date: /home/zephyrus/Desktop/IoT/IoT-Project-2024/install/project_interfaces/share/project_interfaces/environment/ament_prefix_path.dsv
[0.340s] -- Up-to-date: /home/zephyrus/Desktop/IoT/IoT-Project-2024/install/project_interfaces/share/project_interfaces/environment/path.sh
[0.340s] -- Up-to-date: /home/zephyrus/Desktop/IoT/IoT-Project-2024/install/project_interfaces/share/project_interfaces/environment/path.dsv
[0.340s] -- Up-to-date: /home/zephyrus/Desktop/IoT/IoT-Project-2024/install/project_interfaces/share/project_interfaces/local_setup.bash
[0.340s] -- Up-to-date: /home/zephyrus/Desktop/IoT/IoT-Project-2024/install/project_interfaces/share/project_interfaces/local_setup.sh
[0.340s] -- Up-to-date: /home/zephyrus/Desktop/IoT/IoT-Project-2024/install/project_interfaces/share/project_interfaces/local_setup.zsh
[0.340s] -- Up-to-date: /home/zephyrus/Desktop/IoT/IoT-Project-2024/install/project_interfaces/share/project_interfaces/local_setup.dsv
[0.340s] -- Installing: /home/zephyrus/Desktop/IoT/IoT-Project-2024/install/project_interfaces/share/project_interfaces/package.dsv
[0.340s] -- Up-to-date: /home/zephyrus/Desktop/IoT/IoT-Project-2024/install/project_interfaces/share/ament_index/resource_index/packages/project_interfaces
[0.340s] -- Up-to-date: /home/zephyrus/Desktop/IoT/IoT-Project-2024/install/project_interfaces/share/project_interfaces/cmake/export_project_interfaces__rosidl_generator_cExport.cmake
[0.340s] -- Up-to-date: /home/zephyrus/Desktop/IoT/IoT-Project-2024/install/project_interfaces/share/project_interfaces/cmake/export_project_interfaces__rosidl_generator_cExport-noconfig.cmake
[0.340s] -- Up-to-date: /home/zephyrus/Desktop/IoT/IoT-Project-2024/install/project_interfaces/share/project_interfaces/cmake/export_project_interfaces__rosidl_typesupport_fastrtps_cExport.cmake
[0.340s] -- Up-to-date: /home/zephyrus/Desktop/IoT/IoT-Project-2024/install/project_interfaces/share/project_interfaces/cmake/export_project_interfaces__rosidl_typesupport_fastrtps_cExport-noconfig.cmake
[0.340s] -- Up-to-date: /home/zephyrus/Desktop/IoT/IoT-Project-2024/install/project_interfaces/share/project_interfaces/cmake/project_interfaces__rosidl_typesupport_introspection_cExport.cmake
[0.340s] -- Up-to-date: /home/zephyrus/Desktop/IoT/IoT-Project-2024/install/project_interfaces/share/project_interfaces/cmake/project_interfaces__rosidl_typesupport_introspection_cExport-noconfig.cmake
[0.340s] -- Up-to-date: /home/zephyrus/Desktop/IoT/IoT-Project-2024/install/project_interfaces/share/project_interfaces/cmake/project_interfaces__rosidl_typesupport_cExport.cmake
[0.340s] -- Up-to-date: /home/zephyrus/Desktop/IoT/IoT-Project-2024/install/project_interfaces/share/project_interfaces/cmake/project_interfaces__rosidl_typesupport_cExport-noconfig.cmake
[0.341s] -- Up-to-date: /home/zephyrus/Desktop/IoT/IoT-Project-2024/install/project_interfaces/share/project_interfaces/cmake/export_project_interfaces__rosidl_generator_cppExport.cmake
[0.341s] -- Up-to-date: /home/zephyrus/Desktop/IoT/IoT-Project-2024/install/project_interfaces/share/project_interfaces/cmake/export_project_interfaces__rosidl_typesupport_fastrtps_cppExport.cmake
[0.341s] -- Up-to-date: /home/zephyrus/Desktop/IoT/IoT-Project-2024/install/project_interfaces/share/project_interfaces/cmake/export_project_interfaces__rosidl_typesupport_fastrtps_cppExport-noconfig.cmake
[0.341s] -- Up-to-date: /home/zephyrus/Desktop/IoT/IoT-Project-2024/install/project_interfaces/share/project_interfaces/cmake/project_interfaces__rosidl_typesupport_introspection_cppExport.cmake
[0.341s] -- Up-to-date: /home/zephyrus/Desktop/IoT/IoT-Project-2024/install/project_interfaces/share/project_interfaces/cmake/project_interfaces__rosidl_typesupport_introspection_cppExport-noconfig.cmake
[0.341s] -- Up-to-date: /home/zephyrus/Desktop/IoT/IoT-Project-2024/install/project_interfaces/share/project_interfaces/cmake/project_interfaces__rosidl_typesupport_cppExport.cmake
[0.341s] -- Up-to-date: /home/zephyrus/Desktop/IoT/IoT-Project-2024/install/project_interfaces/share/project_interfaces/cmake/project_interfaces__rosidl_typesupport_cppExport-noconfig.cmake
[0.341s] -- Up-to-date: /home/zephyrus/Desktop/IoT/IoT-Project-2024/install/project_interfaces/share/project_interfaces/cmake/export_project_interfaces__rosidl_generator_pyExport.cmake
[0.341s] -- Up-to-date: /home/zephyrus/Desktop/IoT/IoT-Project-2024/install/project_interfaces/share/project_interfaces/cmake/export_project_interfaces__rosidl_generator_pyExport-noconfig.cmake
[0.341s] -- Up-to-date: /home/zephyrus/Desktop/IoT/IoT-Project-2024/install/project_interfaces/share/project_interfaces/cmake/rosidl_cmake-extras.cmake
[0.341s] -- Up-to-date: /home/zephyrus/Desktop/IoT/IoT-Project-2024/install/project_interfaces/share/project_interfaces/cmake/ament_cmake_export_dependencies-extras.cmake
[0.341s] -- Up-to-date: /home/zephyrus/Desktop/IoT/IoT-Project-2024/install/project_interfaces/share/project_interfaces/cmake/ament_cmake_export_include_directories-extras.cmake
[0.341s] -- Up-to-date: /home/zephyrus/Desktop/IoT/IoT-Project-2024/install/project_interfaces/share/project_interfaces/cmake/ament_cmake_export_libraries-extras.cmake
[0.341s] -- Up-to-date: /home/zephyrus/Desktop/IoT/IoT-Project-2024/install/project_interfaces/share/project_interfaces/cmake/ament_cmake_export_targets-extras.cmake
[0.341s] -- Up-to-date: /home/zephyrus/Desktop/IoT/IoT-Project-2024/install/project_interfaces/share/project_interfaces/cmake/rosidl_cmake_export_typesupport_targets-extras.cmake
[0.341s] -- Up-to-date: /home/zephyrus/Desktop/IoT/IoT-Project-2024/install/project_interfaces/share/project_interfaces/cmake/rosidl_cmake_export_typesupport_libraries-extras.cmake
[0.341s] -- Up-to-date: /home/zephyrus/Desktop/IoT/IoT-Project-2024/install/project_interfaces/share/project_interfaces/cmake/project_interfacesConfig.cmake
[0.341s] -- Up-to-date: /home/zephyrus/Desktop/IoT/IoT-Project-2024/install/project_interfaces/share/project_interfaces/cmake/project_interfacesConfig-version.cmake
[0.341s] -- Up-to-date: /home/zephyrus/Desktop/IoT/IoT-Project-2024/install/project_interfaces/share/project_interfaces/package.xml
[0.343s] Invoked command in '/home/zephyrus/Desktop/IoT/IoT-Project-2024/build/project_interfaces' returned '0': CMAKE_PREFIX_PATH=${CMAKE_PREFIX_PATH}:/home/zephyrus/Desktop/IoT/IoT-Project-2024/install/project_main:/opt/ros/humble /usr/bin/cmake --install /home/zephyrus/Desktop/IoT/IoT-Project-2024/build/project_interfaces
