[0.013s] Invoking command in '/home/zephyrus/Desktop/IoT/IoT/IoT-Project-2024/build/project_interfaces': CMAKE_PREFIX_PATH=/opt/ros/humble /usr/bin/cmake --build /home/zephyrus/Desktop/IoT/IoT/IoT-Project-2024/build/project_interfaces -- -j12 -l12
[0.091s] [35m[1mConsolidate compiler generated dependencies of target project_interfaces__rosidl_generator_c[0m
[0.098s] [  2%] Built target project_interfaces__cpp
[0.104s] [ 12%] Built target project_interfaces__rosidl_generator_c
[0.104s] [ 12%] Built target ament_cmake_python_copy_project_interfaces
[0.107s] [35m[1mConsolidate compiler generated dependencies of target project_interfaces__rosidl_typesupport_fastrtps_cpp[0m
[0.111s] [35m[1mConsolidate compiler generated dependencies of target project_interfaces__rosidl_typesupport_cpp[0m
[0.111s] [35m[1mConsolidate compiler generated dependencies of target project_interfaces__rosidl_typesupport_introspection_cpp[0m
[0.116s] [35m[1mConsolidate compiler generated dependencies of target project_interfaces__rosidl_typesupport_introspection_c[0m
[0.116s] [35m[1mConsolidate compiler generated dependencies of target project_interfaces__rosidl_typesupport_fastrtps_c[0m
[0.117s] [35m[1mConsolidate compiler generated dependencies of target project_interfaces__rosidl_typesupport_c[0m
[0.142s] [ 23%] Built target project_interfaces__rosidl_typesupport_c
[0.142s] [ 33%] Built target project_interfaces__rosidl_typesupport_introspection_cpp
[0.142s] [ 43%] Built target project_interfaces__rosidl_typesupport_introspection_c
[0.143s] [ 53%] Built target project_interfaces__rosidl_typesupport_cpp
[0.144s] [ 64%] Built target project_interfaces__rosidl_typesupport_fastrtps_c
[0.146s] [ 74%] Built target project_interfaces__rosidl_typesupport_fastrtps_cpp
[0.166s] [ 74%] Built target project_interfaces
[0.182s] [ 76%] Built target project_interfaces__py
[0.193s] [35m[1mConsolidate compiler generated dependencies of target project_interfaces__rosidl_generator_py[0m
[0.205s] [ 84%] Built target project_interfaces__rosidl_generator_py
[0.213s] [35m[1mConsolidate compiler generated dependencies of target project_interfaces__rosidl_typesupport_fastrtps_c__pyext[0m
[0.213s] [35m[1mConsolidate compiler generated dependencies of target project_interfaces__rosidl_typesupport_c__pyext[0m
[0.213s] [35m[1mConsolidate compiler generated dependencies of target project_interfaces__rosidl_typesupport_introspection_c__pyext[0m
[0.221s] [ 89%] Built target project_interfaces__rosidl_typesupport_introspection_c__pyext
[0.224s] [100%] Built target project_interfaces__rosidl_typesupport_fastrtps_c__pyext
[0.224s] [100%] Built target project_interfaces__rosidl_typesupport_c__pyext
[0.280s] running egg_info
[0.280s] writing project_interfaces.egg-info/PKG-INFO
[0.280s] writing dependency_links to project_interfaces.egg-info/dependency_links.txt
[0.280s] writing top-level names to project_interfaces.egg-info/top_level.txt
[0.282s] reading manifest file 'project_interfaces.egg-info/SOURCES.txt'
[0.283s] writing manifest file 'project_interfaces.egg-info/SOURCES.txt'
[0.303s] [100%] Built target ament_cmake_python_build_project_interfaces_egg
[0.311s] Invoked command in '/home/zephyrus/Desktop/IoT/IoT/IoT-Project-2024/build/project_interfaces' returned '0': CMAKE_PREFIX_PATH=/opt/ros/humble /usr/bin/cmake --build /home/zephyrus/Desktop/IoT/IoT/IoT-Project-2024/build/project_interfaces -- -j12 -l12
[0.373s] Invoking command in '/home/zephyrus/Desktop/IoT/IoT/IoT-Project-2024/build/project_interfaces': CMAKE_PREFIX_PATH=/opt/ros/humble /usr/bin/cmake --install /home/zephyrus/Desktop/IoT/IoT/IoT-Project-2024/build/project_interfaces
[0.381s] -- Install configuration: ""
[0.381s] -- Up-to-date: /home/zephyrus/Desktop/IoT/IoT/IoT-Project-2024/install/project_interfaces/share/ament_index/resource_index/rosidl_interfaces/project_interfaces
[0.381s] -- Up-to-date: /home/zephyrus/Desktop/IoT/IoT/IoT-Project-2024/install/project_interfaces/include/project_interfaces/project_interfaces
[0.381s] -- Up-to-date: /home/zephyrus/Desktop/IoT/IoT/IoT-Project-2024/install/project_interfaces/include/project_interfaces/project_interfaces/msg
[0.382s] -- Up-to-date: /home/zephyrus/Desktop/IoT/IoT/IoT-Project-2024/install/project_interfaces/include/project_interfaces/project_interfaces/msg/rosidl_generator_c__visibility_control.h
[0.382s] -- Up-to-date: /home/zephyrus/Desktop/IoT/IoT/IoT-Project-2024/install/project_interfaces/include/project_interfaces/project_interfaces/action
[0.382s] -- Up-to-date: /home/zephyrus/Desktop/IoT/IoT/IoT-Project-2024/install/project_interfaces/include/project_interfaces/project_interfaces/action/detail
[0.382s] -- Up-to-date: /home/zephyrus/Desktop/IoT/IoT/IoT-Project-2024/install/project_interfaces/include/project_interfaces/project_interfaces/action/detail/patrol__functions.h
[0.382s] -- Up-to-date: /home/zephyrus/Desktop/IoT/IoT/IoT-Project-2024/install/project_interfaces/include/project_interfaces/project_interfaces/action/detail/patrol__type_support.h
[0.382s] -- Up-to-date: /home/zephyrus/Desktop/IoT/IoT/IoT-Project-2024/install/project_interfaces/include/project_interfaces/project_interfaces/action/detail/patrol__struct.h
[0.382s] -- Up-to-date: /home/zephyrus/Desktop/IoT/IoT/IoT-Project-2024/install/project_interfaces/include/project_interfaces/project_interfaces/action/detail/request_sensor__struct.h
[0.382s] -- Up-to-date: /home/zephyrus/Desktop/IoT/IoT/IoT-Project-2024/install/project_interfaces/include/project_interfaces/project_interfaces/action/detail/request_sensor__functions.h
[0.382s] -- Up-to-date: /home/zephyrus/Desktop/IoT/IoT/IoT-Project-2024/install/project_interfaces/include/project_interfaces/project_interfaces/action/detail/request_sensor__type_support.h
[0.382s] -- Up-to-date: /home/zephyrus/Desktop/IoT/IoT/IoT-Project-2024/install/project_interfaces/include/project_interfaces/project_interfaces/action/detail/request_sensor__functions.c
[0.382s] -- Up-to-date: /home/zephyrus/Desktop/IoT/IoT/IoT-Project-2024/install/project_interfaces/include/project_interfaces/project_interfaces/action/detail/patrol__functions.c
[0.382s] -- Up-to-date: /home/zephyrus/Desktop/IoT/IoT/IoT-Project-2024/install/project_interfaces/include/project_interfaces/project_interfaces/action/patrol.h
[0.382s] -- Up-to-date: /home/zephyrus/Desktop/IoT/IoT/IoT-Project-2024/install/project_interfaces/include/project_interfaces/project_interfaces/action/request_sensor.h
[0.383s] -- Up-to-date: /home/zephyrus/Desktop/IoT/IoT/IoT-Project-2024/install/project_interfaces/share/project_interfaces/environment/library_path.sh
[0.383s] -- Up-to-date: /home/zephyrus/Desktop/IoT/IoT/IoT-Project-2024/install/project_interfaces/share/project_interfaces/environment/library_path.dsv
[0.383s] -- Up-to-date: /home/zephyrus/Desktop/IoT/IoT/IoT-Project-2024/install/project_interfaces/lib/libproject_interfaces__rosidl_generator_c.so
[0.383s] -- Up-to-date: /home/zephyrus/Desktop/IoT/IoT/IoT-Project-2024/install/project_interfaces/include/project_interfaces/project_interfaces
[0.383s] -- Up-to-date: /home/zephyrus/Desktop/IoT/IoT/IoT-Project-2024/install/project_interfaces/include/project_interfaces/project_interfaces/msg
[0.383s] -- Up-to-date: /home/zephyrus/Desktop/IoT/IoT/IoT-Project-2024/install/project_interfaces/include/project_interfaces/project_interfaces/msg/rosidl_typesupport_fastrtps_c__visibility_control.h
[0.383s] -- Up-to-date: /home/zephyrus/Desktop/IoT/IoT/IoT-Project-2024/install/project_interfaces/include/project_interfaces/project_interfaces/action
[0.383s] -- Up-to-date: /home/zephyrus/Desktop/IoT/IoT/IoT-Project-2024/install/project_interfaces/include/project_interfaces/project_interfaces/action/detail
[0.383s] -- Up-to-date: /home/zephyrus/Desktop/IoT/IoT/IoT-Project-2024/install/project_interfaces/include/project_interfaces/project_interfaces/action/detail/request_sensor__rosidl_typesupport_fastrtps_c.h
[0.383s] -- Up-to-date: /home/zephyrus/Desktop/IoT/IoT/IoT-Project-2024/install/project_interfaces/include/project_interfaces/project_interfaces/action/detail/patrol__rosidl_typesupport_fastrtps_c.h
[0.383s] -- Up-to-date: /home/zephyrus/Desktop/IoT/IoT/IoT-Project-2024/install/project_interfaces/lib/libproject_interfaces__rosidl_typesupport_fastrtps_c.so
[0.383s] -- Up-to-date: /home/zephyrus/Desktop/IoT/IoT/IoT-Project-2024/install/project_interfaces/include/project_interfaces/project_interfaces
[0.384s] -- Up-to-date: /home/zephyrus/Desktop/IoT/IoT/IoT-Project-2024/install/project_interfaces/include/project_interfaces/project_interfaces/msg
[0.384s] -- Up-to-date: /home/zephyrus/Desktop/IoT/IoT/IoT-Project-2024/install/project_interfaces/include/project_interfaces/project_interfaces/msg/rosidl_typesupport_introspection_c__visibility_control.h
[0.384s] -- Up-to-date: /home/zephyrus/Desktop/IoT/IoT/IoT-Project-2024/install/project_interfaces/include/project_interfaces/project_interfaces/action
[0.384s] -- Up-to-date: /home/zephyrus/Desktop/IoT/IoT/IoT-Project-2024/install/project_interfaces/include/project_interfaces/project_interfaces/action/detail
[0.384s] -- Up-to-date: /home/zephyrus/Desktop/IoT/IoT/IoT-Project-2024/install/project_interfaces/include/project_interfaces/project_interfaces/action/detail/patrol__rosidl_typesupport_introspection_c.h
[0.384s] -- Up-to-date: /home/zephyrus/Desktop/IoT/IoT/IoT-Project-2024/install/project_interfaces/include/project_interfaces/project_interfaces/action/detail/patrol__type_support.c
[0.384s] -- Up-to-date: /home/zephyrus/Desktop/IoT/IoT/IoT-Project-2024/install/project_interfaces/include/project_interfaces/project_interfaces/action/detail/request_sensor__rosidl_typesupport_introspection_c.h
[0.384s] -- Up-to-date: /home/zephyrus/Desktop/IoT/IoT/IoT-Project-2024/install/project_interfaces/include/project_interfaces/project_interfaces/action/detail/request_sensor__type_support.c
[0.384s] -- Up-to-date: /home/zephyrus/Desktop/IoT/IoT/IoT-Project-2024/install/project_interfaces/lib/libproject_interfaces__rosidl_typesupport_introspection_c.so
[0.384s] -- Up-to-date: /home/zephyrus/Desktop/IoT/IoT/IoT-Project-2024/install/project_interfaces/lib/libproject_interfaces__rosidl_typesupport_c.so
[0.384s] -- Up-to-date: /home/zephyrus/Desktop/IoT/IoT/IoT-Project-2024/install/project_interfaces/include/project_interfaces/project_interfaces
[0.384s] -- Up-to-date: /home/zephyrus/Desktop/IoT/IoT/IoT-Project-2024/install/project_interfaces/include/project_interfaces/project_interfaces/action
[0.384s] -- Up-to-date: /home/zephyrus/Desktop/IoT/IoT/IoT-Project-2024/install/project_interfaces/include/project_interfaces/project_interfaces/action/detail
[0.384s] -- Up-to-date: /home/zephyrus/Desktop/IoT/IoT/IoT-Project-2024/install/project_interfaces/include/project_interfaces/project_interfaces/action/detail/patrol__traits.hpp
[0.385s] -- Up-to-date: /home/zephyrus/Desktop/IoT/IoT/IoT-Project-2024/install/project_interfaces/include/project_interfaces/project_interfaces/action/detail/patrol__builder.hpp
[0.385s] -- Up-to-date: /home/zephyrus/Desktop/IoT/IoT/IoT-Project-2024/install/project_interfaces/include/project_interfaces/project_interfaces/action/detail/request_sensor__struct.hpp
[0.385s] -- Up-to-date: /home/zephyrus/Desktop/IoT/IoT/IoT-Project-2024/install/project_interfaces/include/project_interfaces/project_interfaces/action/detail/request_sensor__builder.hpp
[0.385s] -- Up-to-date: /home/zephyrus/Desktop/IoT/IoT/IoT-Project-2024/install/project_interfaces/include/project_interfaces/project_interfaces/action/detail/request_sensor__traits.hpp
[0.385s] -- Up-to-date: /home/zephyrus/Desktop/IoT/IoT/IoT-Project-2024/install/project_interfaces/include/project_interfaces/project_interfaces/action/detail/patrol__struct.hpp
[0.385s] -- Up-to-date: /home/zephyrus/Desktop/IoT/IoT/IoT-Project-2024/install/project_interfaces/include/project_interfaces/project_interfaces/action/request_sensor.hpp
[0.385s] -- Up-to-date: /home/zephyrus/Desktop/IoT/IoT/IoT-Project-2024/install/project_interfaces/include/project_interfaces/project_interfaces/action/patrol.hpp
[0.385s] -- Up-to-date: /home/zephyrus/Desktop/IoT/IoT/IoT-Project-2024/install/project_interfaces/include/project_interfaces/project_interfaces
[0.385s] -- Up-to-date: /home/zephyrus/Desktop/IoT/IoT/IoT-Project-2024/install/project_interfaces/include/project_interfaces/project_interfaces/msg
[0.385s] -- Up-to-date: /home/zephyrus/Desktop/IoT/IoT/IoT-Project-2024/install/project_interfaces/include/project_interfaces/project_interfaces/msg/rosidl_typesupport_fastrtps_cpp__visibility_control.h
[0.385s] -- Up-to-date: /home/zephyrus/Desktop/IoT/IoT/IoT-Project-2024/install/project_interfaces/include/project_interfaces/project_interfaces/action
[0.385s] -- Up-to-date: /home/zephyrus/Desktop/IoT/IoT/IoT-Project-2024/install/project_interfaces/include/project_interfaces/project_interfaces/action/detail
[0.385s] -- Up-to-date: /home/zephyrus/Desktop/IoT/IoT/IoT-Project-2024/install/project_interfaces/include/project_interfaces/project_interfaces/action/detail/request_sensor__rosidl_typesupport_fastrtps_cpp.hpp
[0.385s] -- Up-to-date: /home/zephyrus/Desktop/IoT/IoT/IoT-Project-2024/install/project_interfaces/include/project_interfaces/project_interfaces/action/detail/dds_fastrtps
[0.386s] -- Up-to-date: /home/zephyrus/Desktop/IoT/IoT/IoT-Project-2024/install/project_interfaces/include/project_interfaces/project_interfaces/action/detail/patrol__rosidl_typesupport_fastrtps_cpp.hpp
[0.386s] -- Up-to-date: /home/zephyrus/Desktop/IoT/IoT/IoT-Project-2024/install/project_interfaces/lib/libproject_interfaces__rosidl_typesupport_fastrtps_cpp.so
[0.386s] -- Up-to-date: /home/zephyrus/Desktop/IoT/IoT/IoT-Project-2024/install/project_interfaces/include/project_interfaces/project_interfaces
[0.386s] -- Up-to-date: /home/zephyrus/Desktop/IoT/IoT/IoT-Project-2024/install/project_interfaces/include/project_interfaces/project_interfaces/action
[0.386s] -- Up-to-date: /home/zephyrus/Desktop/IoT/IoT/IoT-Project-2024/install/project_interfaces/include/project_interfaces/project_interfaces/action/detail
[0.386s] -- Up-to-date: /home/zephyrus/Desktop/IoT/IoT/IoT-Project-2024/install/project_interfaces/include/project_interfaces/project_interfaces/action/detail/request_sensor__rosidl_typesupport_introspection_cpp.hpp
[0.386s] -- Up-to-date: /home/zephyrus/Desktop/IoT/IoT/IoT-Project-2024/install/project_interfaces/include/project_interfaces/project_interfaces/action/detail/patrol__type_support.cpp
[0.386s] -- Up-to-date: /home/zephyrus/Desktop/IoT/IoT/IoT-Project-2024/install/project_interfaces/include/project_interfaces/project_interfaces/action/detail/request_sensor__type_support.cpp
[0.386s] -- Up-to-date: /home/zephyrus/Desktop/IoT/IoT/IoT-Project-2024/install/project_interfaces/include/project_interfaces/project_interfaces/action/detail/patrol__rosidl_typesupport_introspection_cpp.hpp
[0.386s] -- Up-to-date: /home/zephyrus/Desktop/IoT/IoT/IoT-Project-2024/install/project_interfaces/lib/libproject_interfaces__rosidl_typesupport_introspection_cpp.so
[0.386s] -- Up-to-date: /home/zephyrus/Desktop/IoT/IoT/IoT-Project-2024/install/project_interfaces/lib/libproject_interfaces__rosidl_typesupport_cpp.so
[0.386s] -- Up-to-date: /home/zephyrus/Desktop/IoT/IoT/IoT-Project-2024/install/project_interfaces/share/project_interfaces/environment/pythonpath.sh
[0.386s] -- Up-to-date: /home/zephyrus/Desktop/IoT/IoT/IoT-Project-2024/install/project_interfaces/share/project_interfaces/environment/pythonpath.dsv
[0.386s] -- Up-to-date: /home/zephyrus/Desktop/IoT/IoT/IoT-Project-2024/install/project_interfaces/local/lib/python3.10/dist-packages/project_interfaces-1.0.0-py3.10.egg-info
[0.386s] -- Installing: /home/zephyrus/Desktop/IoT/IoT/IoT-Project-2024/install/project_interfaces/local/lib/python3.10/dist-packages/project_interfaces-1.0.0-py3.10.egg-info/SOURCES.txt
[0.387s] -- Installing: /home/zephyrus/Desktop/IoT/IoT/IoT-Project-2024/install/project_interfaces/local/lib/python3.10/dist-packages/project_interfaces-1.0.0-py3.10.egg-info/dependency_links.txt
[0.387s] -- Installing: /home/zephyrus/Desktop/IoT/IoT/IoT-Project-2024/install/project_interfaces/local/lib/python3.10/dist-packages/project_interfaces-1.0.0-py3.10.egg-info/top_level.txt
[0.387s] -- Installing: /home/zephyrus/Desktop/IoT/IoT/IoT-Project-2024/install/project_interfaces/local/lib/python3.10/dist-packages/project_interfaces-1.0.0-py3.10.egg-info/PKG-INFO
[0.387s] -- Up-to-date: /home/zephyrus/Desktop/IoT/IoT/IoT-Project-2024/install/project_interfaces/local/lib/python3.10/dist-packages/project_interfaces
[0.387s] -- Up-to-date: /home/zephyrus/Desktop/IoT/IoT/IoT-Project-2024/install/project_interfaces/local/lib/python3.10/dist-packages/project_interfaces/__init__.py
[0.387s] -- Up-to-date: /home/zephyrus/Desktop/IoT/IoT/IoT-Project-2024/install/project_interfaces/local/lib/python3.10/dist-packages/project_interfaces/_project_interfaces_s.ep.rosidl_typesupport_c.c
[0.387s] -- Up-to-date: /home/zephyrus/Desktop/IoT/IoT/IoT-Project-2024/install/project_interfaces/local/lib/python3.10/dist-packages/project_interfaces/action
[0.387s] -- Up-to-date: /home/zephyrus/Desktop/IoT/IoT/IoT-Project-2024/install/project_interfaces/local/lib/python3.10/dist-packages/project_interfaces/action/__init__.py
[0.387s] -- Up-to-date: /home/zephyrus/Desktop/IoT/IoT/IoT-Project-2024/install/project_interfaces/local/lib/python3.10/dist-packages/project_interfaces/action/_request_sensor_s.c
[0.387s] -- Up-to-date: /home/zephyrus/Desktop/IoT/IoT/IoT-Project-2024/install/project_interfaces/local/lib/python3.10/dist-packages/project_interfaces/action/_request_sensor.py
[0.387s] -- Up-to-date: /home/zephyrus/Desktop/IoT/IoT/IoT-Project-2024/install/project_interfaces/local/lib/python3.10/dist-packages/project_interfaces/action/_patrol.py
[0.387s] -- Up-to-date: /home/zephyrus/Desktop/IoT/IoT/IoT-Project-2024/install/project_interfaces/local/lib/python3.10/dist-packages/project_interfaces/action/_patrol_s.c
[0.387s] -- Up-to-date: /home/zephyrus/Desktop/IoT/IoT/IoT-Project-2024/install/project_interfaces/local/lib/python3.10/dist-packages/project_interfaces/_project_interfaces_s.ep.rosidl_typesupport_introspection_c.c
[0.387s] -- Up-to-date: /home/zephyrus/Desktop/IoT/IoT/IoT-Project-2024/install/project_interfaces/local/lib/python3.10/dist-packages/project_interfaces/project_interfaces_s__rosidl_typesupport_introspection_c.cpython-310-x86_64-linux-gnu.so
[0.387s] -- Up-to-date: /home/zephyrus/Desktop/IoT/IoT/IoT-Project-2024/install/project_interfaces/local/lib/python3.10/dist-packages/project_interfaces/_project_interfaces_s.ep.rosidl_typesupport_fastrtps_c.c
[0.387s] -- Up-to-date: /home/zephyrus/Desktop/IoT/IoT/IoT-Project-2024/install/project_interfaces/local/lib/python3.10/dist-packages/project_interfaces/project_interfaces_s__rosidl_typesupport_fastrtps_c.cpython-310-x86_64-linux-gnu.so
[0.388s] -- Up-to-date: /home/zephyrus/Desktop/IoT/IoT/IoT-Project-2024/install/project_interfaces/local/lib/python3.10/dist-packages/project_interfaces/libproject_interfaces__rosidl_generator_py.so
[0.388s] -- Up-to-date: /home/zephyrus/Desktop/IoT/IoT/IoT-Project-2024/install/project_interfaces/local/lib/python3.10/dist-packages/project_interfaces/project_interfaces_s__rosidl_typesupport_c.cpython-310-x86_64-linux-gnu.so
[0.409s] Listing '/home/zephyrus/Desktop/IoT/IoT/IoT-Project-2024/install/project_interfaces/local/lib/python3.10/dist-packages/project_interfaces'...
[0.410s] Listing '/home/zephyrus/Desktop/IoT/IoT/IoT-Project-2024/install/project_interfaces/local/lib/python3.10/dist-packages/project_interfaces/action'...
[0.412s] -- Up-to-date: /home/zephyrus/Desktop/IoT/IoT/IoT-Project-2024/install/project_interfaces/local/lib/python3.10/dist-packages/project_interfaces/project_interfaces_s__rosidl_typesupport_fastrtps_c.cpython-310-x86_64-linux-gnu.so
[0.413s] -- Up-to-date: /home/zephyrus/Desktop/IoT/IoT/IoT-Project-2024/install/project_interfaces/local/lib/python3.10/dist-packages/project_interfaces/project_interfaces_s__rosidl_typesupport_introspection_c.cpython-310-x86_64-linux-gnu.so
[0.413s] -- Up-to-date: /home/zephyrus/Desktop/IoT/IoT/IoT-Project-2024/install/project_interfaces/local/lib/python3.10/dist-packages/project_interfaces/project_interfaces_s__rosidl_typesupport_c.cpython-310-x86_64-linux-gnu.so
[0.414s] -- Up-to-date: /home/zephyrus/Desktop/IoT/IoT/IoT-Project-2024/install/project_interfaces/lib/libproject_interfaces__rosidl_generator_py.so
[0.414s] -- Up-to-date: /home/zephyrus/Desktop/IoT/IoT/IoT-Project-2024/install/project_interfaces/share/project_interfaces/action/Patrol.idl
[0.414s] -- Up-to-date: /home/zephyrus/Desktop/IoT/IoT/IoT-Project-2024/install/project_interfaces/share/project_interfaces/action/RequestSensor.idl
[0.414s] -- Up-to-date: /home/zephyrus/Desktop/IoT/IoT/IoT-Project-2024/install/project_interfaces/share/project_interfaces/action/Patrol.action
[0.414s] -- Up-to-date: /home/zephyrus/Desktop/IoT/IoT/IoT-Project-2024/install/project_interfaces/share/project_interfaces/action/RequestSensor.action
[0.414s] -- Up-to-date: /home/zephyrus/Desktop/IoT/IoT/IoT-Project-2024/install/project_interfaces/share/ament_index/resource_index/package_run_dependencies/project_interfaces
[0.414s] -- Up-to-date: /home/zephyrus/Desktop/IoT/IoT/IoT-Project-2024/install/project_interfaces/share/ament_index/resource_index/parent_prefix_path/project_interfaces
[0.414s] -- Up-to-date: /home/zephyrus/Desktop/IoT/IoT/IoT-Project-2024/install/project_interfaces/share/project_interfaces/environment/ament_prefix_path.sh
[0.414s] -- Up-to-date: /home/zephyrus/Desktop/IoT/IoT/IoT-Project-2024/install/project_interfaces/share/project_interfaces/environment/ament_prefix_path.dsv
[0.414s] -- Up-to-date: /home/zephyrus/Desktop/IoT/IoT/IoT-Project-2024/install/project_interfaces/share/project_interfaces/environment/path.sh
[0.414s] -- Up-to-date: /home/zephyrus/Desktop/IoT/IoT/IoT-Project-2024/install/project_interfaces/share/project_interfaces/environment/path.dsv
[0.414s] -- Up-to-date: /home/zephyrus/Desktop/IoT/IoT/IoT-Project-2024/install/project_interfaces/share/project_interfaces/local_setup.bash
[0.414s] -- Up-to-date: /home/zephyrus/Desktop/IoT/IoT/IoT-Project-2024/install/project_interfaces/share/project_interfaces/local_setup.sh
[0.414s] -- Up-to-date: /home/zephyrus/Desktop/IoT/IoT/IoT-Project-2024/install/project_interfaces/share/project_interfaces/local_setup.zsh
[0.414s] -- Up-to-date: /home/zephyrus/Desktop/IoT/IoT/IoT-Project-2024/install/project_interfaces/share/project_interfaces/local_setup.dsv
[0.414s] -- Installing: /home/zephyrus/Desktop/IoT/IoT/IoT-Project-2024/install/project_interfaces/share/project_interfaces/package.dsv
[0.415s] -- Up-to-date: /home/zephyrus/Desktop/IoT/IoT/IoT-Project-2024/install/project_interfaces/share/ament_index/resource_index/packages/project_interfaces
[0.415s] -- Up-to-date: /home/zephyrus/Desktop/IoT/IoT/IoT-Project-2024/install/project_interfaces/share/project_interfaces/cmake/export_project_interfaces__rosidl_generator_cExport.cmake
[0.415s] -- Up-to-date: /home/zephyrus/Desktop/IoT/IoT/IoT-Project-2024/install/project_interfaces/share/project_interfaces/cmake/export_project_interfaces__rosidl_generator_cExport-noconfig.cmake
[0.415s] -- Up-to-date: /home/zephyrus/Desktop/IoT/IoT/IoT-Project-2024/install/project_interfaces/share/project_interfaces/cmake/export_project_interfaces__rosidl_typesupport_fastrtps_cExport.cmake
[0.415s] -- Up-to-date: /home/zephyrus/Desktop/IoT/IoT/IoT-Project-2024/install/project_interfaces/share/project_interfaces/cmake/export_project_interfaces__rosidl_typesupport_fastrtps_cExport-noconfig.cmake
[0.415s] -- Up-to-date: /home/zephyrus/Desktop/IoT/IoT/IoT-Project-2024/install/project_interfaces/share/project_interfaces/cmake/project_interfaces__rosidl_typesupport_introspection_cExport.cmake
[0.415s] -- Up-to-date: /home/zephyrus/Desktop/IoT/IoT/IoT-Project-2024/install/project_interfaces/share/project_interfaces/cmake/project_interfaces__rosidl_typesupport_introspection_cExport-noconfig.cmake
[0.415s] -- Up-to-date: /home/zephyrus/Desktop/IoT/IoT/IoT-Project-2024/install/project_interfaces/share/project_interfaces/cmake/project_interfaces__rosidl_typesupport_cExport.cmake
[0.415s] -- Up-to-date: /home/zephyrus/Desktop/IoT/IoT/IoT-Project-2024/install/project_interfaces/share/project_interfaces/cmake/project_interfaces__rosidl_typesupport_cExport-noconfig.cmake
[0.415s] -- Up-to-date: /home/zephyrus/Desktop/IoT/IoT/IoT-Project-2024/install/project_interfaces/share/project_interfaces/cmake/export_project_interfaces__rosidl_generator_cppExport.cmake
[0.415s] -- Up-to-date: /home/zephyrus/Desktop/IoT/IoT/IoT-Project-2024/install/project_interfaces/share/project_interfaces/cmake/export_project_interfaces__rosidl_typesupport_fastrtps_cppExport.cmake
[0.415s] -- Up-to-date: /home/zephyrus/Desktop/IoT/IoT/IoT-Project-2024/install/project_interfaces/share/project_interfaces/cmake/export_project_interfaces__rosidl_typesupport_fastrtps_cppExport-noconfig.cmake
[0.415s] -- Up-to-date: /home/zephyrus/Desktop/IoT/IoT/IoT-Project-2024/install/project_interfaces/share/project_interfaces/cmake/project_interfaces__rosidl_typesupport_introspection_cppExport.cmake
[0.415s] -- Up-to-date: /home/zephyrus/Desktop/IoT/IoT/IoT-Project-2024/install/project_interfaces/share/project_interfaces/cmake/project_interfaces__rosidl_typesupport_introspection_cppExport-noconfig.cmake
[0.415s] -- Up-to-date: /home/zephyrus/Desktop/IoT/IoT/IoT-Project-2024/install/project_interfaces/share/project_interfaces/cmake/project_interfaces__rosidl_typesupport_cppExport.cmake
[0.415s] -- Up-to-date: /home/zephyrus/Desktop/IoT/IoT/IoT-Project-2024/install/project_interfaces/share/project_interfaces/cmake/project_interfaces__rosidl_typesupport_cppExport-noconfig.cmake
[0.416s] -- Up-to-date: /home/zephyrus/Desktop/IoT/IoT/IoT-Project-2024/install/project_interfaces/share/project_interfaces/cmake/export_project_interfaces__rosidl_generator_pyExport.cmake
[0.416s] -- Up-to-date: /home/zephyrus/Desktop/IoT/IoT/IoT-Project-2024/install/project_interfaces/share/project_interfaces/cmake/export_project_interfaces__rosidl_generator_pyExport-noconfig.cmake
[0.416s] -- Up-to-date: /home/zephyrus/Desktop/IoT/IoT/IoT-Project-2024/install/project_interfaces/share/project_interfaces/cmake/rosidl_cmake-extras.cmake
[0.416s] -- Up-to-date: /home/zephyrus/Desktop/IoT/IoT/IoT-Project-2024/install/project_interfaces/share/project_interfaces/cmake/ament_cmake_export_dependencies-extras.cmake
[0.416s] -- Up-to-date: /home/zephyrus/Desktop/IoT/IoT/IoT-Project-2024/install/project_interfaces/share/project_interfaces/cmake/ament_cmake_export_include_directories-extras.cmake
[0.416s] -- Up-to-date: /home/zephyrus/Desktop/IoT/IoT/IoT-Project-2024/install/project_interfaces/share/project_interfaces/cmake/ament_cmake_export_libraries-extras.cmake
[0.416s] -- Up-to-date: /home/zephyrus/Desktop/IoT/IoT/IoT-Project-2024/install/project_interfaces/share/project_interfaces/cmake/ament_cmake_export_targets-extras.cmake
[0.416s] -- Up-to-date: /home/zephyrus/Desktop/IoT/IoT/IoT-Project-2024/install/project_interfaces/share/project_interfaces/cmake/rosidl_cmake_export_typesupport_targets-extras.cmake
[0.416s] -- Up-to-date: /home/zephyrus/Desktop/IoT/IoT/IoT-Project-2024/install/project_interfaces/share/project_interfaces/cmake/rosidl_cmake_export_typesupport_libraries-extras.cmake
[0.416s] -- Up-to-date: /home/zephyrus/Desktop/IoT/IoT/IoT-Project-2024/install/project_interfaces/share/project_interfaces/cmake/project_interfacesConfig.cmake
[0.416s] -- Up-to-date: /home/zephyrus/Desktop/IoT/IoT/IoT-Project-2024/install/project_interfaces/share/project_interfaces/cmake/project_interfacesConfig-version.cmake
[0.416s] -- Up-to-date: /home/zephyrus/Desktop/IoT/IoT/IoT-Project-2024/install/project_interfaces/share/project_interfaces/package.xml
[0.418s] Invoked command in '/home/zephyrus/Desktop/IoT/IoT/IoT-Project-2024/build/project_interfaces' returned '0': CMAKE_PREFIX_PATH=/opt/ros/humble /usr/bin/cmake --install /home/zephyrus/Desktop/IoT/IoT/IoT-Project-2024/build/project_interfaces
