[0.397s] Invoking command in '/home/zephyrus/Desktop/IoT/IoT/IoT-Project-2024/src/project_main': PYTHONPATH=/home/zephyrus/Desktop/IoT/IoT/IoT-Project-2024/build/project_main/prefix_override:/usr/lib/python3/dist-packages/colcon_core/task/python/colcon_distutils_commands:/home/zephyrus/Desktop/IoT/IoT/IoT-Project-2024/install/project_main/lib/python3.10/site-packages:${PYTHONPATH} /usr/bin/python3 -W ignore:setup.py install is deprecated setup.py egg_info --egg-base ../../build/project_main build --build-base /home/zephyrus/Desktop/IoT/IoT/IoT-Project-2024/build/project_main/build install --record /home/zephyrus/Desktop/IoT/IoT/IoT-Project-2024/build/project_main/install.log --single-version-externally-managed install_data
[0.562s] running egg_info
[0.562s] writing ../../build/project_main/project_main.egg-info/PKG-INFO
[0.562s] writing dependency_links to ../../build/project_main/project_main.egg-info/dependency_links.txt
[0.562s] writing entry points to ../../build/project_main/project_main.egg-info/entry_points.txt
[0.562s] writing requirements to ../../build/project_main/project_main.egg-info/requires.txt
[0.562s] writing top-level names to ../../build/project_main/project_main.egg-info/top_level.txt
[0.564s] reading manifest file '../../build/project_main/project_main.egg-info/SOURCES.txt'
[0.564s] writing manifest file '../../build/project_main/project_main.egg-info/SOURCES.txt'
[0.564s] running build
[0.565s] running build_py
[0.565s] copying project_main/sensor_controller.py -> /home/zephyrus/Desktop/IoT/IoT/IoT-Project-2024/build/project_main/build/lib/project_main
[0.565s] running install
[0.565s] running install_lib
[0.566s] copying /home/zephyrus/Desktop/IoT/IoT/IoT-Project-2024/build/project_main/build/lib/project_main/sensor_controller.py -> /home/zephyrus/Desktop/IoT/IoT/IoT-Project-2024/install/project_main/lib/python3.10/site-packages/project_main
[0.566s] byte-compiling /home/zephyrus/Desktop/IoT/IoT/IoT-Project-2024/install/project_main/lib/python3.10/site-packages/project_main/sensor_controller.py to sensor_controller.cpython-310.pyc
[0.568s] running install_data
[0.568s] running install_egg_info
[0.570s] removing '/home/zephyrus/Desktop/IoT/IoT/IoT-Project-2024/install/project_main/lib/python3.10/site-packages/project_main-0.0.0-py3.10.egg-info' (and everything under it)
[0.571s] Copying ../../build/project_main/project_main.egg-info to /home/zephyrus/Desktop/IoT/IoT/IoT-Project-2024/install/project_main/lib/python3.10/site-packages/project_main-0.0.0-py3.10.egg-info
[0.571s] running install_scripts
[0.586s] Installing balloon_controller script to /home/zephyrus/Desktop/IoT/IoT/IoT-Project-2024/install/project_main/lib/project_main
[0.586s] Installing base_station script to /home/zephyrus/Desktop/IoT/IoT/IoT-Project-2024/install/project_main/lib/project_main
[0.586s] Installing fleet_coordinator script to /home/zephyrus/Desktop/IoT/IoT/IoT-Project-2024/install/project_main/lib/project_main
[0.586s] Installing sensor_controller script to /home/zephyrus/Desktop/IoT/IoT/IoT-Project-2024/install/project_main/lib/project_main
[0.586s] Installing simulation_manager script to /home/zephyrus/Desktop/IoT/IoT/IoT-Project-2024/install/project_main/lib/project_main
[0.586s] writing list of installed files to '/home/zephyrus/Desktop/IoT/IoT/IoT-Project-2024/build/project_main/install.log'
[0.600s] Invoked command in '/home/zephyrus/Desktop/IoT/IoT/IoT-Project-2024/src/project_main' returned '0': PYTHONPATH=/home/zephyrus/Desktop/IoT/IoT/IoT-Project-2024/build/project_main/prefix_override:/usr/lib/python3/dist-packages/colcon_core/task/python/colcon_distutils_commands:/home/zephyrus/Desktop/IoT/IoT/IoT-Project-2024/install/project_main/lib/python3.10/site-packages:${PYTHONPATH} /usr/bin/python3 -W ignore:setup.py install is deprecated setup.py egg_info --egg-base ../../build/project_main build --build-base /home/zephyrus/Desktop/IoT/IoT/IoT-Project-2024/build/project_main/build install --record /home/zephyrus/Desktop/IoT/IoT/IoT-Project-2024/build/project_main/install.log --single-version-externally-managed install_data
