[0.075s] DEBUG:colcon:Command line arguments: ['/usr/bin/colcon', 'build']
[0.075s] DEBUG:colcon:Parsed command line arguments: Namespace(log_base=None, log_level=None, verb_name='build', build_base='build', install_base='install', merge_install=False, symlink_install=False, test_result_base=None, continue_on_error=False, executor='parallel', parallel_workers=12, event_handlers=None, ignore_user_meta=False, metas=['./colcon.meta'], base_paths=['.'], packages_ignore=None, packages_ignore_regex=None, paths=None, packages_up_to=None, packages_up_to_regex=None, packages_above=None, packages_above_and_dependencies=None, packages_above_depth=None, packages_select_by_dep=None, packages_skip_by_dep=None, packages_skip_up_to=None, packages_select_build_failed=False, packages_skip_build_finished=False, packages_select_test_failures=False, packages_skip_test_passed=False, packages_select=None, packages_skip=None, packages_select_regex=None, packages_skip_regex=None, packages_start=None, packages_end=None, allow_overriding=[], cmake_args=None, cmake_target=None, cmake_target_skip_unavailable=False, cmake_clean_cache=False, cmake_clean_first=False, cmake_force_configure=False, ament_cmake_args=None, catkin_cmake_args=None, catkin_skip_building_tests=False, verb_parser=<colcon_defaults.argument_parser.defaults.DefaultArgumentsDecorator object at 0x7828050305b0>, verb_extension=<colcon_core.verb.build.BuildVerb object at 0x7828051451e0>, main=<bound method BuildVerb.main of <colcon_core.verb.build.BuildVerb object at 0x7828051451e0>>)
[0.181s] Level 1:colcon.colcon_core.package_discovery:discover_packages(colcon_meta) check parameters
[0.181s] Level 1:colcon.colcon_core.package_discovery:discover_packages(recursive) check parameters
[0.181s] Level 1:colcon.colcon_core.package_discovery:discover_packages(ignore) check parameters
[0.181s] Level 1:colcon.colcon_core.package_discovery:discover_packages(path) check parameters
[0.181s] Level 1:colcon.colcon_core.package_discovery:discover_packages(colcon_meta) discover
[0.181s] Level 1:colcon.colcon_core.package_discovery:discover_packages(recursive) discover
[0.181s] INFO:colcon.colcon_core.package_discovery:Crawling recursively for packages in '/home/zephyrus/Desktop/IoT/IoT/IoT-Project-2024'
[0.181s] Level 1:colcon.colcon_core.package_identification:_identify(.) by extensions ['ignore', 'ignore_ament_install']
[0.181s] Level 1:colcon.colcon_core.package_identification:_identify(.) by extension 'ignore'
[0.181s] Level 1:colcon.colcon_core.package_identification:_identify(.) by extension 'ignore_ament_install'
[0.181s] Level 1:colcon.colcon_core.package_identification:_identify(.) by extensions ['colcon_pkg']
[0.181s] Level 1:colcon.colcon_core.package_identification:_identify(.) by extension 'colcon_pkg'
[0.181s] Level 1:colcon.colcon_core.package_identification:_identify(.) by extensions ['colcon_meta']
[0.181s] Level 1:colcon.colcon_core.package_identification:_identify(.) by extension 'colcon_meta'
[0.181s] Level 1:colcon.colcon_core.package_identification:_identify(.) by extensions ['ros']
[0.181s] Level 1:colcon.colcon_core.package_identification:_identify(.) by extension 'ros'
[0.190s] Level 1:colcon.colcon_core.package_identification:_identify(.) by extensions ['cmake', 'python']
[0.190s] Level 1:colcon.colcon_core.package_identification:_identify(.) by extension 'cmake'
[0.190s] Level 1:colcon.colcon_core.package_identification:_identify(.) by extension 'python'
[0.190s] Level 1:colcon.colcon_core.package_identification:_identify(.) by extensions ['python_setup_py']
[0.190s] Level 1:colcon.colcon_core.package_identification:_identify(.) by extension 'python_setup_py'
[0.190s] Level 1:colcon.colcon_core.package_identification:_identify(build) by extensions ['ignore', 'ignore_ament_install']
[0.190s] Level 1:colcon.colcon_core.package_identification:_identify(build) by extension 'ignore'
[0.190s] Level 1:colcon.colcon_core.package_identification:_identify(build) ignored
[0.190s] Level 1:colcon.colcon_core.package_identification:_identify(install) by extensions ['ignore', 'ignore_ament_install']
[0.190s] Level 1:colcon.colcon_core.package_identification:_identify(install) by extension 'ignore'
[0.190s] Level 1:colcon.colcon_core.package_identification:_identify(install) ignored
[0.190s] Level 1:colcon.colcon_core.package_identification:_identify(log) by extensions ['ignore', 'ignore_ament_install']
[0.190s] Level 1:colcon.colcon_core.package_identification:_identify(log) by extension 'ignore'
[0.191s] Level 1:colcon.colcon_core.package_identification:_identify(log) ignored
[0.191s] Level 1:colcon.colcon_core.package_identification:_identify(resources) by extensions ['ignore', 'ignore_ament_install']
[0.191s] Level 1:colcon.colcon_core.package_identification:_identify(resources) by extension 'ignore'
[0.191s] Level 1:colcon.colcon_core.package_identification:_identify(resources) by extension 'ignore_ament_install'
[0.191s] Level 1:colcon.colcon_core.package_identification:_identify(resources) by extensions ['colcon_pkg']
[0.191s] Level 1:colcon.colcon_core.package_identification:_identify(resources) by extension 'colcon_pkg'
[0.191s] Level 1:colcon.colcon_core.package_identification:_identify(resources) by extensions ['colcon_meta']
[0.191s] Level 1:colcon.colcon_core.package_identification:_identify(resources) by extension 'colcon_meta'
[0.191s] Level 1:colcon.colcon_core.package_identification:_identify(resources) by extensions ['ros']
[0.191s] Level 1:colcon.colcon_core.package_identification:_identify(resources) by extension 'ros'
[0.191s] Level 1:colcon.colcon_core.package_identification:_identify(resources) by extensions ['cmake', 'python']
[0.191s] Level 1:colcon.colcon_core.package_identification:_identify(resources) by extension 'cmake'
[0.191s] Level 1:colcon.colcon_core.package_identification:_identify(resources) by extension 'python'
[0.191s] Level 1:colcon.colcon_core.package_identification:_identify(resources) by extensions ['python_setup_py']
[0.191s] Level 1:colcon.colcon_core.package_identification:_identify(resources) by extension 'python_setup_py'
[0.191s] Level 1:colcon.colcon_core.package_identification:_identify(resources/active_sensor) by extensions ['ignore', 'ignore_ament_install']
[0.191s] Level 1:colcon.colcon_core.package_identification:_identify(resources/active_sensor) by extension 'ignore'
[0.191s] Level 1:colcon.colcon_core.package_identification:_identify(resources/active_sensor) by extension 'ignore_ament_install'
[0.191s] Level 1:colcon.colcon_core.package_identification:_identify(resources/active_sensor) by extensions ['colcon_pkg']
[0.191s] Level 1:colcon.colcon_core.package_identification:_identify(resources/active_sensor) by extension 'colcon_pkg'
[0.191s] Level 1:colcon.colcon_core.package_identification:_identify(resources/active_sensor) by extensions ['colcon_meta']
[0.191s] Level 1:colcon.colcon_core.package_identification:_identify(resources/active_sensor) by extension 'colcon_meta'
[0.191s] Level 1:colcon.colcon_core.package_identification:_identify(resources/active_sensor) by extensions ['ros']
[0.191s] Level 1:colcon.colcon_core.package_identification:_identify(resources/active_sensor) by extension 'ros'
[0.191s] Level 1:colcon.colcon_core.package_identification:_identify(resources/active_sensor) by extensions ['cmake', 'python']
[0.191s] Level 1:colcon.colcon_core.package_identification:_identify(resources/active_sensor) by extension 'cmake'
[0.191s] Level 1:colcon.colcon_core.package_identification:_identify(resources/active_sensor) by extension 'python'
[0.191s] Level 1:colcon.colcon_core.package_identification:_identify(resources/active_sensor) by extensions ['python_setup_py']
[0.191s] Level 1:colcon.colcon_core.package_identification:_identify(resources/active_sensor) by extension 'python_setup_py'
[0.191s] Level 1:colcon.colcon_core.package_identification:_identify(resources/active_sensor/materials) by extensions ['ignore', 'ignore_ament_install']
[0.191s] Level 1:colcon.colcon_core.package_identification:_identify(resources/active_sensor/materials) by extension 'ignore'
[0.191s] Level 1:colcon.colcon_core.package_identification:_identify(resources/active_sensor/materials) by extension 'ignore_ament_install'
[0.192s] Level 1:colcon.colcon_core.package_identification:_identify(resources/active_sensor/materials) by extensions ['colcon_pkg']
[0.192s] Level 1:colcon.colcon_core.package_identification:_identify(resources/active_sensor/materials) by extension 'colcon_pkg'
[0.192s] Level 1:colcon.colcon_core.package_identification:_identify(resources/active_sensor/materials) by extensions ['colcon_meta']
[0.192s] Level 1:colcon.colcon_core.package_identification:_identify(resources/active_sensor/materials) by extension 'colcon_meta'
[0.192s] Level 1:colcon.colcon_core.package_identification:_identify(resources/active_sensor/materials) by extensions ['ros']
[0.192s] Level 1:colcon.colcon_core.package_identification:_identify(resources/active_sensor/materials) by extension 'ros'
[0.192s] Level 1:colcon.colcon_core.package_identification:_identify(resources/active_sensor/materials) by extensions ['cmake', 'python']
[0.192s] Level 1:colcon.colcon_core.package_identification:_identify(resources/active_sensor/materials) by extension 'cmake'
[0.192s] Level 1:colcon.colcon_core.package_identification:_identify(resources/active_sensor/materials) by extension 'python'
[0.192s] Level 1:colcon.colcon_core.package_identification:_identify(resources/active_sensor/materials) by extensions ['python_setup_py']
[0.192s] Level 1:colcon.colcon_core.package_identification:_identify(resources/active_sensor/materials) by extension 'python_setup_py'
[0.192s] Level 1:colcon.colcon_core.package_identification:_identify(resources/active_sensor/materials/textures) by extensions ['ignore', 'ignore_ament_install']
[0.192s] Level 1:colcon.colcon_core.package_identification:_identify(resources/active_sensor/materials/textures) by extension 'ignore'
[0.192s] Level 1:colcon.colcon_core.package_identification:_identify(resources/active_sensor/materials/textures) by extension 'ignore_ament_install'
[0.192s] Level 1:colcon.colcon_core.package_identification:_identify(resources/active_sensor/materials/textures) by extensions ['colcon_pkg']
[0.192s] Level 1:colcon.colcon_core.package_identification:_identify(resources/active_sensor/materials/textures) by extension 'colcon_pkg'
[0.192s] Level 1:colcon.colcon_core.package_identification:_identify(resources/active_sensor/materials/textures) by extensions ['colcon_meta']
[0.192s] Level 1:colcon.colcon_core.package_identification:_identify(resources/active_sensor/materials/textures) by extension 'colcon_meta'
[0.192s] Level 1:colcon.colcon_core.package_identification:_identify(resources/active_sensor/materials/textures) by extensions ['ros']
[0.192s] Level 1:colcon.colcon_core.package_identification:_identify(resources/active_sensor/materials/textures) by extension 'ros'
[0.192s] Level 1:colcon.colcon_core.package_identification:_identify(resources/active_sensor/materials/textures) by extensions ['cmake', 'python']
[0.192s] Level 1:colcon.colcon_core.package_identification:_identify(resources/active_sensor/materials/textures) by extension 'cmake'
[0.192s] Level 1:colcon.colcon_core.package_identification:_identify(resources/active_sensor/materials/textures) by extension 'python'
[0.192s] Level 1:colcon.colcon_core.package_identification:_identify(resources/active_sensor/materials/textures) by extensions ['python_setup_py']
[0.192s] Level 1:colcon.colcon_core.package_identification:_identify(resources/active_sensor/materials/textures) by extension 'python_setup_py'
[0.192s] Level 1:colcon.colcon_core.package_identification:_identify(resources/active_sensor/meshes) by extensions ['ignore', 'ignore_ament_install']
[0.192s] Level 1:colcon.colcon_core.package_identification:_identify(resources/active_sensor/meshes) by extension 'ignore'
[0.192s] Level 1:colcon.colcon_core.package_identification:_identify(resources/active_sensor/meshes) by extension 'ignore_ament_install'
[0.192s] Level 1:colcon.colcon_core.package_identification:_identify(resources/active_sensor/meshes) by extensions ['colcon_pkg']
[0.192s] Level 1:colcon.colcon_core.package_identification:_identify(resources/active_sensor/meshes) by extension 'colcon_pkg'
[0.192s] Level 1:colcon.colcon_core.package_identification:_identify(resources/active_sensor/meshes) by extensions ['colcon_meta']
[0.192s] Level 1:colcon.colcon_core.package_identification:_identify(resources/active_sensor/meshes) by extension 'colcon_meta'
[0.192s] Level 1:colcon.colcon_core.package_identification:_identify(resources/active_sensor/meshes) by extensions ['ros']
[0.192s] Level 1:colcon.colcon_core.package_identification:_identify(resources/active_sensor/meshes) by extension 'ros'
[0.192s] Level 1:colcon.colcon_core.package_identification:_identify(resources/active_sensor/meshes) by extensions ['cmake', 'python']
[0.193s] Level 1:colcon.colcon_core.package_identification:_identify(resources/active_sensor/meshes) by extension 'cmake'
[0.193s] Level 1:colcon.colcon_core.package_identification:_identify(resources/active_sensor/meshes) by extension 'python'
[0.193s] Level 1:colcon.colcon_core.package_identification:_identify(resources/active_sensor/meshes) by extensions ['python_setup_py']
[0.193s] Level 1:colcon.colcon_core.package_identification:_identify(resources/active_sensor/meshes) by extension 'python_setup_py'
[0.193s] Level 1:colcon.colcon_core.package_identification:_identify(resources/balloon) by extensions ['ignore', 'ignore_ament_install']
[0.193s] Level 1:colcon.colcon_core.package_identification:_identify(resources/balloon) by extension 'ignore'
[0.193s] Level 1:colcon.colcon_core.package_identification:_identify(resources/balloon) by extension 'ignore_ament_install'
[0.193s] Level 1:colcon.colcon_core.package_identification:_identify(resources/balloon) by extensions ['colcon_pkg']
[0.193s] Level 1:colcon.colcon_core.package_identification:_identify(resources/balloon) by extension 'colcon_pkg'
[0.193s] Level 1:colcon.colcon_core.package_identification:_identify(resources/balloon) by extensions ['colcon_meta']
[0.193s] Level 1:colcon.colcon_core.package_identification:_identify(resources/balloon) by extension 'colcon_meta'
[0.193s] Level 1:colcon.colcon_core.package_identification:_identify(resources/balloon) by extensions ['ros']
[0.193s] Level 1:colcon.colcon_core.package_identification:_identify(resources/balloon) by extension 'ros'
[0.193s] Level 1:colcon.colcon_core.package_identification:_identify(resources/balloon) by extensions ['cmake', 'python']
[0.193s] Level 1:colcon.colcon_core.package_identification:_identify(resources/balloon) by extension 'cmake'
[0.193s] Level 1:colcon.colcon_core.package_identification:_identify(resources/balloon) by extension 'python'
[0.193s] Level 1:colcon.colcon_core.package_identification:_identify(resources/balloon) by extensions ['python_setup_py']
[0.193s] Level 1:colcon.colcon_core.package_identification:_identify(resources/balloon) by extension 'python_setup_py'
[0.193s] Level 1:colcon.colcon_core.package_identification:_identify(resources/base_station) by extensions ['ignore', 'ignore_ament_install']
[0.193s] Level 1:colcon.colcon_core.package_identification:_identify(resources/base_station) by extension 'ignore'
[0.193s] Level 1:colcon.colcon_core.package_identification:_identify(resources/base_station) by extension 'ignore_ament_install'
[0.193s] Level 1:colcon.colcon_core.package_identification:_identify(resources/base_station) by extensions ['colcon_pkg']
[0.193s] Level 1:colcon.colcon_core.package_identification:_identify(resources/base_station) by extension 'colcon_pkg'
[0.193s] Level 1:colcon.colcon_core.package_identification:_identify(resources/base_station) by extensions ['colcon_meta']
[0.193s] Level 1:colcon.colcon_core.package_identification:_identify(resources/base_station) by extension 'colcon_meta'
[0.193s] Level 1:colcon.colcon_core.package_identification:_identify(resources/base_station) by extensions ['ros']
[0.193s] Level 1:colcon.colcon_core.package_identification:_identify(resources/base_station) by extension 'ros'
[0.193s] Level 1:colcon.colcon_core.package_identification:_identify(resources/base_station) by extensions ['cmake', 'python']
[0.193s] Level 1:colcon.colcon_core.package_identification:_identify(resources/base_station) by extension 'cmake'
[0.193s] Level 1:colcon.colcon_core.package_identification:_identify(resources/base_station) by extension 'python'
[0.193s] Level 1:colcon.colcon_core.package_identification:_identify(resources/base_station) by extensions ['python_setup_py']
[0.193s] Level 1:colcon.colcon_core.package_identification:_identify(resources/base_station) by extension 'python_setup_py'
[0.193s] Level 1:colcon.colcon_core.package_identification:_identify(resources/sensor) by extensions ['ignore', 'ignore_ament_install']
[0.193s] Level 1:colcon.colcon_core.package_identification:_identify(resources/sensor) by extension 'ignore'
[0.193s] Level 1:colcon.colcon_core.package_identification:_identify(resources/sensor) by extension 'ignore_ament_install'
[0.194s] Level 1:colcon.colcon_core.package_identification:_identify(resources/sensor) by extensions ['colcon_pkg']
[0.194s] Level 1:colcon.colcon_core.package_identification:_identify(resources/sensor) by extension 'colcon_pkg'
[0.194s] Level 1:colcon.colcon_core.package_identification:_identify(resources/sensor) by extensions ['colcon_meta']
[0.194s] Level 1:colcon.colcon_core.package_identification:_identify(resources/sensor) by extension 'colcon_meta'
[0.194s] Level 1:colcon.colcon_core.package_identification:_identify(resources/sensor) by extensions ['ros']
[0.194s] Level 1:colcon.colcon_core.package_identification:_identify(resources/sensor) by extension 'ros'
[0.194s] Level 1:colcon.colcon_core.package_identification:_identify(resources/sensor) by extensions ['cmake', 'python']
[0.194s] Level 1:colcon.colcon_core.package_identification:_identify(resources/sensor) by extension 'cmake'
[0.194s] Level 1:colcon.colcon_core.package_identification:_identify(resources/sensor) by extension 'python'
[0.194s] Level 1:colcon.colcon_core.package_identification:_identify(resources/sensor) by extensions ['python_setup_py']
[0.194s] Level 1:colcon.colcon_core.package_identification:_identify(resources/sensor) by extension 'python_setup_py'
[0.194s] Level 1:colcon.colcon_core.package_identification:_identify(resources/sensor/materials) by extensions ['ignore', 'ignore_ament_install']
[0.195s] Level 1:colcon.colcon_core.package_identification:_identify(resources/sensor/materials) by extension 'ignore'
[0.195s] Level 1:colcon.colcon_core.package_identification:_identify(resources/sensor/materials) by extension 'ignore_ament_install'
[0.195s] Level 1:colcon.colcon_core.package_identification:_identify(resources/sensor/materials) by extensions ['colcon_pkg']
[0.195s] Level 1:colcon.colcon_core.package_identification:_identify(resources/sensor/materials) by extension 'colcon_pkg'
[0.195s] Level 1:colcon.colcon_core.package_identification:_identify(resources/sensor/materials) by extensions ['colcon_meta']
[0.195s] Level 1:colcon.colcon_core.package_identification:_identify(resources/sensor/materials) by extension 'colcon_meta'
[0.195s] Level 1:colcon.colcon_core.package_identification:_identify(resources/sensor/materials) by extensions ['ros']
[0.195s] Level 1:colcon.colcon_core.package_identification:_identify(resources/sensor/materials) by extension 'ros'
[0.195s] Level 1:colcon.colcon_core.package_identification:_identify(resources/sensor/materials) by extensions ['cmake', 'python']
[0.195s] Level 1:colcon.colcon_core.package_identification:_identify(resources/sensor/materials) by extension 'cmake'
[0.195s] Level 1:colcon.colcon_core.package_identification:_identify(resources/sensor/materials) by extension 'python'
[0.195s] Level 1:colcon.colcon_core.package_identification:_identify(resources/sensor/materials) by extensions ['python_setup_py']
[0.195s] Level 1:colcon.colcon_core.package_identification:_identify(resources/sensor/materials) by extension 'python_setup_py'
[0.195s] Level 1:colcon.colcon_core.package_identification:_identify(resources/sensor/materials/textures) by extensions ['ignore', 'ignore_ament_install']
[0.195s] Level 1:colcon.colcon_core.package_identification:_identify(resources/sensor/materials/textures) by extension 'ignore'
[0.195s] Level 1:colcon.colcon_core.package_identification:_identify(resources/sensor/materials/textures) by extension 'ignore_ament_install'
[0.195s] Level 1:colcon.colcon_core.package_identification:_identify(resources/sensor/materials/textures) by extensions ['colcon_pkg']
[0.195s] Level 1:colcon.colcon_core.package_identification:_identify(resources/sensor/materials/textures) by extension 'colcon_pkg'
[0.195s] Level 1:colcon.colcon_core.package_identification:_identify(resources/sensor/materials/textures) by extensions ['colcon_meta']
[0.195s] Level 1:colcon.colcon_core.package_identification:_identify(resources/sensor/materials/textures) by extension 'colcon_meta'
[0.196s] Level 1:colcon.colcon_core.package_identification:_identify(resources/sensor/materials/textures) by extensions ['ros']
[0.196s] Level 1:colcon.colcon_core.package_identification:_identify(resources/sensor/materials/textures) by extension 'ros'
[0.196s] Level 1:colcon.colcon_core.package_identification:_identify(resources/sensor/materials/textures) by extensions ['cmake', 'python']
[0.196s] Level 1:colcon.colcon_core.package_identification:_identify(resources/sensor/materials/textures) by extension 'cmake'
[0.196s] Level 1:colcon.colcon_core.package_identification:_identify(resources/sensor/materials/textures) by extension 'python'
[0.196s] Level 1:colcon.colcon_core.package_identification:_identify(resources/sensor/materials/textures) by extensions ['python_setup_py']
[0.196s] Level 1:colcon.colcon_core.package_identification:_identify(resources/sensor/materials/textures) by extension 'python_setup_py'
[0.196s] Level 1:colcon.colcon_core.package_identification:_identify(resources/sensor/meshes) by extensions ['ignore', 'ignore_ament_install']
[0.196s] Level 1:colcon.colcon_core.package_identification:_identify(resources/sensor/meshes) by extension 'ignore'
[0.196s] Level 1:colcon.colcon_core.package_identification:_identify(resources/sensor/meshes) by extension 'ignore_ament_install'
[0.196s] Level 1:colcon.colcon_core.package_identification:_identify(resources/sensor/meshes) by extensions ['colcon_pkg']
[0.196s] Level 1:colcon.colcon_core.package_identification:_identify(resources/sensor/meshes) by extension 'colcon_pkg'
[0.196s] Level 1:colcon.colcon_core.package_identification:_identify(resources/sensor/meshes) by extensions ['colcon_meta']
[0.196s] Level 1:colcon.colcon_core.package_identification:_identify(resources/sensor/meshes) by extension 'colcon_meta'
[0.196s] Level 1:colcon.colcon_core.package_identification:_identify(resources/sensor/meshes) by extensions ['ros']
[0.196s] Level 1:colcon.colcon_core.package_identification:_identify(resources/sensor/meshes) by extension 'ros'
[0.196s] Level 1:colcon.colcon_core.package_identification:_identify(resources/sensor/meshes) by extensions ['cmake', 'python']
[0.196s] Level 1:colcon.colcon_core.package_identification:_identify(resources/sensor/meshes) by extension 'cmake'
[0.196s] Level 1:colcon.colcon_core.package_identification:_identify(resources/sensor/meshes) by extension 'python'
[0.196s] Level 1:colcon.colcon_core.package_identification:_identify(resources/sensor/meshes) by extensions ['python_setup_py']
[0.196s] Level 1:colcon.colcon_core.package_identification:_identify(resources/sensor/meshes) by extension 'python_setup_py'
[0.196s] Level 1:colcon.colcon_core.package_identification:_identify(resources/x3) by extensions ['ignore', 'ignore_ament_install']
[0.196s] Level 1:colcon.colcon_core.package_identification:_identify(resources/x3) by extension 'ignore'
[0.196s] Level 1:colcon.colcon_core.package_identification:_identify(resources/x3) by extension 'ignore_ament_install'
[0.196s] Level 1:colcon.colcon_core.package_identification:_identify(resources/x3) by extensions ['colcon_pkg']
[0.196s] Level 1:colcon.colcon_core.package_identification:_identify(resources/x3) by extension 'colcon_pkg'
[0.196s] Level 1:colcon.colcon_core.package_identification:_identify(resources/x3) by extensions ['colcon_meta']
[0.196s] Level 1:colcon.colcon_core.package_identification:_identify(resources/x3) by extension 'colcon_meta'
[0.196s] Level 1:colcon.colcon_core.package_identification:_identify(resources/x3) by extensions ['ros']
[0.196s] Level 1:colcon.colcon_core.package_identification:_identify(resources/x3) by extension 'ros'
[0.196s] Level 1:colcon.colcon_core.package_identification:_identify(resources/x3) by extensions ['cmake', 'python']
[0.196s] Level 1:colcon.colcon_core.package_identification:_identify(resources/x3) by extension 'cmake'
[0.196s] Level 1:colcon.colcon_core.package_identification:_identify(resources/x3) by extension 'python'
[0.196s] Level 1:colcon.colcon_core.package_identification:_identify(resources/x3) by extensions ['python_setup_py']
[0.196s] Level 1:colcon.colcon_core.package_identification:_identify(resources/x3) by extension 'python_setup_py'
[0.196s] Level 1:colcon.colcon_core.package_identification:_identify(src) by extensions ['ignore', 'ignore_ament_install']
[0.197s] Level 1:colcon.colcon_core.package_identification:_identify(src) by extension 'ignore'
[0.197s] Level 1:colcon.colcon_core.package_identification:_identify(src) by extension 'ignore_ament_install'
[0.197s] Level 1:colcon.colcon_core.package_identification:_identify(src) by extensions ['colcon_pkg']
[0.197s] Level 1:colcon.colcon_core.package_identification:_identify(src) by extension 'colcon_pkg'
[0.197s] Level 1:colcon.colcon_core.package_identification:_identify(src) by extensions ['colcon_meta']
[0.197s] Level 1:colcon.colcon_core.package_identification:_identify(src) by extension 'colcon_meta'
[0.197s] Level 1:colcon.colcon_core.package_identification:_identify(src) by extensions ['ros']
[0.197s] Level 1:colcon.colcon_core.package_identification:_identify(src) by extension 'ros'
[0.197s] Level 1:colcon.colcon_core.package_identification:_identify(src) by extensions ['cmake', 'python']
[0.197s] Level 1:colcon.colcon_core.package_identification:_identify(src) by extension 'cmake'
[0.197s] Level 1:colcon.colcon_core.package_identification:_identify(src) by extension 'python'
[0.197s] Level 1:colcon.colcon_core.package_identification:_identify(src) by extensions ['python_setup_py']
[0.197s] Level 1:colcon.colcon_core.package_identification:_identify(src) by extension 'python_setup_py'
[0.197s] Level 1:colcon.colcon_core.package_identification:_identify(src/project_interfaces) by extensions ['ignore', 'ignore_ament_install']
[0.197s] Level 1:colcon.colcon_core.package_identification:_identify(src/project_interfaces) by extension 'ignore'
[0.197s] Level 1:colcon.colcon_core.package_identification:_identify(src/project_interfaces) by extension 'ignore_ament_install'
[0.197s] Level 1:colcon.colcon_core.package_identification:_identify(src/project_interfaces) by extensions ['colcon_pkg']
[0.197s] Level 1:colcon.colcon_core.package_identification:_identify(src/project_interfaces) by extension 'colcon_pkg'
[0.197s] Level 1:colcon.colcon_core.package_identification:_identify(src/project_interfaces) by extensions ['colcon_meta']
[0.197s] Level 1:colcon.colcon_core.package_identification:_identify(src/project_interfaces) by extension 'colcon_meta'
[0.197s] Level 1:colcon.colcon_core.package_identification:_identify(src/project_interfaces) by extensions ['ros']
[0.197s] Level 1:colcon.colcon_core.package_identification:_identify(src/project_interfaces) by extension 'ros'
[0.199s] DEBUG:colcon.colcon_core.package_identification:Package 'src/project_interfaces' with type 'ros.ament_cmake' and name 'project_interfaces'
[0.199s] Level 1:colcon.colcon_core.package_identification:_identify(src/project_main) by extensions ['ignore', 'ignore_ament_install']
[0.199s] Level 1:colcon.colcon_core.package_identification:_identify(src/project_main) by extension 'ignore'
[0.199s] Level 1:colcon.colcon_core.package_identification:_identify(src/project_main) by extension 'ignore_ament_install'
[0.199s] Level 1:colcon.colcon_core.package_identification:_identify(src/project_main) by extensions ['colcon_pkg']
[0.199s] Level 1:colcon.colcon_core.package_identification:_identify(src/project_main) by extension 'colcon_pkg'
[0.199s] Level 1:colcon.colcon_core.package_identification:_identify(src/project_main) by extensions ['colcon_meta']
[0.199s] Level 1:colcon.colcon_core.package_identification:_identify(src/project_main) by extension 'colcon_meta'
[0.199s] Level 1:colcon.colcon_core.package_identification:_identify(src/project_main) by extensions ['ros']
[0.199s] Level 1:colcon.colcon_core.package_identification:_identify(src/project_main) by extension 'ros'
[0.200s] DEBUG:colcon.colcon_core.package_identification:Package 'src/project_main' with type 'ros.ament_python' and name 'project_main'
[0.200s] Level 1:colcon.colcon_core.package_discovery:discover_packages(recursive) using defaults
[0.200s] Level 1:colcon.colcon_core.package_discovery:discover_packages(ignore) discover
[0.200s] Level 1:colcon.colcon_core.package_discovery:discover_packages(ignore) using defaults
[0.200s] Level 1:colcon.colcon_core.package_discovery:discover_packages(path) discover
[0.200s] Level 1:colcon.colcon_core.package_discovery:discover_packages(path) using defaults
[0.215s] Level 1:colcon.colcon_core.package_discovery:discover_packages(prefix_path) check parameters
[0.215s] Level 1:colcon.colcon_core.package_discovery:discover_packages(prefix_path) discover
[0.216s] DEBUG:colcon.colcon_installed_package_information.package_discovery:Found 2 installed packages in /home/zephyrus/Desktop/IoT/IoT/IoT-Project-2024/install
[0.217s] DEBUG:colcon.colcon_installed_package_information.package_discovery:Found 308 installed packages in /opt/ros/humble
[0.218s] Level 1:colcon.colcon_core.package_discovery:discover_packages(prefix_path) using defaults
[0.252s] Level 5:colcon.colcon_core.verb:set package 'project_interfaces' build argument 'cmake_args' from command line to 'None'
[0.252s] Level 5:colcon.colcon_core.verb:set package 'project_interfaces' build argument 'cmake_target' from command line to 'None'
[0.252s] Level 5:colcon.colcon_core.verb:set package 'project_interfaces' build argument 'cmake_target_skip_unavailable' from command line to 'False'
[0.252s] Level 5:colcon.colcon_core.verb:set package 'project_interfaces' build argument 'cmake_clean_cache' from command line to 'False'
[0.252s] Level 5:colcon.colcon_core.verb:set package 'project_interfaces' build argument 'cmake_clean_first' from command line to 'False'
[0.252s] Level 5:colcon.colcon_core.verb:set package 'project_interfaces' build argument 'cmake_force_configure' from command line to 'False'
[0.252s] Level 5:colcon.colcon_core.verb:set package 'project_interfaces' build argument 'ament_cmake_args' from command line to 'None'
[0.252s] Level 5:colcon.colcon_core.verb:set package 'project_interfaces' build argument 'catkin_cmake_args' from command line to 'None'
[0.252s] Level 5:colcon.colcon_core.verb:set package 'project_interfaces' build argument 'catkin_skip_building_tests' from command line to 'False'
[0.252s] DEBUG:colcon.colcon_core.verb:Building package 'project_interfaces' with the following arguments: {'ament_cmake_args': None, 'build_base': '/home/zephyrus/Desktop/IoT/IoT/IoT-Project-2024/build/project_interfaces', 'catkin_cmake_args': None, 'catkin_skip_building_tests': False, 'cmake_args': None, 'cmake_clean_cache': False, 'cmake_clean_first': False, 'cmake_force_configure': False, 'cmake_target': None, 'cmake_target_skip_unavailable': False, 'install_base': '/home/zephyrus/Desktop/IoT/IoT/IoT-Project-2024/install/project_interfaces', 'merge_install': False, 'path': '/home/zephyrus/Desktop/IoT/IoT/IoT-Project-2024/src/project_interfaces', 'symlink_install': False, 'test_result_base': None}
[0.252s] Level 5:colcon.colcon_core.verb:set package 'project_main' build argument 'cmake_args' from command line to 'None'
[0.252s] Level 5:colcon.colcon_core.verb:set package 'project_main' build argument 'cmake_target' from command line to 'None'
[0.252s] Level 5:colcon.colcon_core.verb:set package 'project_main' build argument 'cmake_target_skip_unavailable' from command line to 'False'
[0.252s] Level 5:colcon.colcon_core.verb:set package 'project_main' build argument 'cmake_clean_cache' from command line to 'False'
[0.252s] Level 5:colcon.colcon_core.verb:set package 'project_main' build argument 'cmake_clean_first' from command line to 'False'
[0.253s] Level 5:colcon.colcon_core.verb:set package 'project_main' build argument 'cmake_force_configure' from command line to 'False'
[0.253s] Level 5:colcon.colcon_core.verb:set package 'project_main' build argument 'ament_cmake_args' from command line to 'None'
[0.253s] Level 5:colcon.colcon_core.verb:set package 'project_main' build argument 'catkin_cmake_args' from command line to 'None'
[0.253s] Level 5:colcon.colcon_core.verb:set package 'project_main' build argument 'catkin_skip_building_tests' from command line to 'False'
[0.253s] DEBUG:colcon.colcon_core.verb:Building package 'project_main' with the following arguments: {'ament_cmake_args': None, 'build_base': '/home/zephyrus/Desktop/IoT/IoT/IoT-Project-2024/build/project_main', 'catkin_cmake_args': None, 'catkin_skip_building_tests': False, 'cmake_args': None, 'cmake_clean_cache': False, 'cmake_clean_first': False, 'cmake_force_configure': False, 'cmake_target': None, 'cmake_target_skip_unavailable': False, 'install_base': '/home/zephyrus/Desktop/IoT/IoT/IoT-Project-2024/install/project_main', 'merge_install': False, 'path': '/home/zephyrus/Desktop/IoT/IoT/IoT-Project-2024/src/project_main', 'symlink_install': False, 'test_result_base': None}
[0.253s] INFO:colcon.colcon_core.executor:Executing jobs using 'parallel' executor
[0.254s] DEBUG:colcon.colcon_parallel_executor.executor.parallel:run_until_complete
[0.254s] INFO:colcon.colcon_ros.task.ament_cmake.build:Building ROS package in '/home/zephyrus/Desktop/IoT/IoT/IoT-Project-2024/src/project_interfaces' with build type 'ament_cmake'
[0.254s] INFO:colcon.colcon_cmake.task.cmake.build:Building CMake package in '/home/zephyrus/Desktop/IoT/IoT/IoT-Project-2024/src/project_interfaces'
[0.257s] INFO:colcon.colcon_core.plugin_system:Skipping extension 'colcon_core.shell.bat': Not used on non-Windows systems
[0.257s] INFO:colcon.colcon_core.shell:Skip shell extension 'powershell' for command environment: Not usable outside of PowerShell
[0.257s] DEBUG:colcon.colcon_core.shell:Skip shell extension 'dsv' for command environment
[0.261s] INFO:colcon.colcon_ros.task.ament_python.build:Building ROS package in '/home/zephyrus/Desktop/IoT/IoT/IoT-Project-2024/src/project_main' with build type 'ament_python'
[0.261s] Level 1:colcon.colcon_core.shell:create_environment_hook('project_main', 'ament_prefix_path')
[0.261s] INFO:colcon.colcon_core.shell:Creating environment hook '/home/zephyrus/Desktop/IoT/IoT/IoT-Project-2024/install/project_main/share/project_main/hook/ament_prefix_path.ps1'
[0.262s] INFO:colcon.colcon_core.shell:Creating environment descriptor '/home/zephyrus/Desktop/IoT/IoT/IoT-Project-2024/install/project_main/share/project_main/hook/ament_prefix_path.dsv'
[0.262s] INFO:colcon.colcon_core.shell:Creating environment hook '/home/zephyrus/Desktop/IoT/IoT/IoT-Project-2024/install/project_main/share/project_main/hook/ament_prefix_path.sh'
[0.263s] INFO:colcon.colcon_core.shell:Skip shell extension 'powershell' for command environment: Not usable outside of PowerShell
[0.263s] DEBUG:colcon.colcon_core.shell:Skip shell extension 'dsv' for command environment
[0.268s] DEBUG:colcon.colcon_core.event_handler.log_command:Invoking command in '/home/zephyrus/Desktop/IoT/IoT/IoT-Project-2024/build/project_interfaces': CMAKE_PREFIX_PATH=${CMAKE_PREFIX_PATH}:/home/zephyrus/Desktop/IoT/IoT/IoT-Project-2024/install/project_main:/opt/ros/humble /usr/bin/cmake --build /home/zephyrus/Desktop/IoT/IoT/IoT-Project-2024/build/project_interfaces -- -j12 -l12
[0.439s] INFO:colcon.colcon_core.task.python.build:Building Python package in '/home/zephyrus/Desktop/IoT/IoT/IoT-Project-2024/src/project_main'
[0.439s] INFO:colcon.colcon_core.shell:Skip shell extension 'powershell' for command environment: Not usable outside of PowerShell
[0.439s] DEBUG:colcon.colcon_core.shell:Skip shell extension 'dsv' for command environment
[0.677s] DEBUG:colcon.colcon_core.event_handler.log_command:Invoking command in '/home/zephyrus/Desktop/IoT/IoT/IoT-Project-2024/src/project_main': PYTHONPATH=/home/zephyrus/Desktop/IoT/IoT/IoT-Project-2024/build/project_main/prefix_override:/usr/lib/python3/dist-packages/colcon_core/task/python/colcon_distutils_commands:/home/zephyrus/Desktop/IoT/IoT/IoT-Project-2024/install/project_main/lib/python3.10/site-packages:${PYTHONPATH} /usr/bin/python3 -W ignore:setup.py install is deprecated setup.py egg_info --egg-base ../../build/project_main build --build-base /home/zephyrus/Desktop/IoT/IoT/IoT-Project-2024/build/project_main/build install --record /home/zephyrus/Desktop/IoT/IoT/IoT-Project-2024/build/project_main/install.log --single-version-externally-managed install_data
[0.805s] DEBUG:colcon.colcon_core.event_handler.log_command:Invoked command in '/home/zephyrus/Desktop/IoT/IoT/IoT-Project-2024/build/project_interfaces' returned '0': CMAKE_PREFIX_PATH=${CMAKE_PREFIX_PATH}:/home/zephyrus/Desktop/IoT/IoT/IoT-Project-2024/install/project_main:/opt/ros/humble /usr/bin/cmake --build /home/zephyrus/Desktop/IoT/IoT/IoT-Project-2024/build/project_interfaces -- -j12 -l12
[0.887s] DEBUG:colcon.colcon_core.event_handler.log_command:Invoking command in '/home/zephyrus/Desktop/IoT/IoT/IoT-Project-2024/build/project_interfaces': CMAKE_PREFIX_PATH=${CMAKE_PREFIX_PATH}:/home/zephyrus/Desktop/IoT/IoT/IoT-Project-2024/install/project_main:/opt/ros/humble /usr/bin/cmake --install /home/zephyrus/Desktop/IoT/IoT/IoT-Project-2024/build/project_interfaces
[0.903s] DEBUG:colcon.colcon_core.event_handler.log_command:Invoked command in '/home/zephyrus/Desktop/IoT/IoT/IoT-Project-2024/src/project_main' returned '0': PYTHONPATH=/home/zephyrus/Desktop/IoT/IoT/IoT-Project-2024/build/project_main/prefix_override:/usr/lib/python3/dist-packages/colcon_core/task/python/colcon_distutils_commands:/home/zephyrus/Desktop/IoT/IoT/IoT-Project-2024/install/project_main/lib/python3.10/site-packages:${PYTHONPATH} /usr/bin/python3 -W ignore:setup.py install is deprecated setup.py egg_info --egg-base ../../build/project_main build --build-base /home/zephyrus/Desktop/IoT/IoT/IoT-Project-2024/build/project_main/build install --record /home/zephyrus/Desktop/IoT/IoT/IoT-Project-2024/build/project_main/install.log --single-version-externally-managed install_data
[0.906s] Level 1:colcon.colcon_core.environment:checking '/home/zephyrus/Desktop/IoT/IoT/IoT-Project-2024/install/project_main' for CMake module files
[0.906s] Level 1:colcon.colcon_core.environment:checking '/home/zephyrus/Desktop/IoT/IoT/IoT-Project-2024/install/project_main' for CMake config files
[0.907s] Level 1:colcon.colcon_core.environment:checking '/home/zephyrus/Desktop/IoT/IoT/IoT-Project-2024/install/project_main/lib'
[0.907s] Level 1:colcon.colcon_core.environment:checking '/home/zephyrus/Desktop/IoT/IoT/IoT-Project-2024/install/project_main/bin'
[0.907s] Level 1:colcon.colcon_core.environment:checking '/home/zephyrus/Desktop/IoT/IoT/IoT-Project-2024/install/project_main/lib/pkgconfig/project_main.pc'
[0.908s] Level 1:colcon.colcon_core.environment:checking '/home/zephyrus/Desktop/IoT/IoT/IoT-Project-2024/install/project_main/lib/python3.10/site-packages'
[0.908s] Level 1:colcon.colcon_core.shell:create_environment_hook('project_main', 'pythonpath')
[0.908s] INFO:colcon.colcon_core.shell:Creating environment hook '/home/zephyrus/Desktop/IoT/IoT/IoT-Project-2024/install/project_main/share/project_main/hook/pythonpath.ps1'
[0.908s] INFO:colcon.colcon_core.shell:Creating environment descriptor '/home/zephyrus/Desktop/IoT/IoT/IoT-Project-2024/install/project_main/share/project_main/hook/pythonpath.dsv'
[0.909s] INFO:colcon.colcon_core.shell:Creating environment hook '/home/zephyrus/Desktop/IoT/IoT/IoT-Project-2024/install/project_main/share/project_main/hook/pythonpath.sh'
[0.909s] Level 1:colcon.colcon_core.environment:checking '/home/zephyrus/Desktop/IoT/IoT/IoT-Project-2024/install/project_main/bin'
[0.909s] Level 1:colcon.colcon_core.environment:create_environment_scripts_only(project_main)
[0.910s] INFO:colcon.colcon_core.shell:Creating package script '/home/zephyrus/Desktop/IoT/IoT/IoT-Project-2024/install/project_main/share/project_main/package.ps1'
[0.910s] INFO:colcon.colcon_core.shell:Creating package descriptor '/home/zephyrus/Desktop/IoT/IoT/IoT-Project-2024/install/project_main/share/project_main/package.dsv'
[0.911s] INFO:colcon.colcon_core.shell:Creating package script '/home/zephyrus/Desktop/IoT/IoT/IoT-Project-2024/install/project_main/share/project_main/package.sh'
[0.912s] INFO:colcon.colcon_core.shell:Creating package script '/home/zephyrus/Desktop/IoT/IoT/IoT-Project-2024/install/project_main/share/project_main/package.bash'
[0.913s] INFO:colcon.colcon_core.shell:Creating package script '/home/zephyrus/Desktop/IoT/IoT/IoT-Project-2024/install/project_main/share/project_main/package.zsh'
[0.914s] Level 1:colcon.colcon_core.environment:create_file_with_runtime_dependencies(/home/zephyrus/Desktop/IoT/IoT/IoT-Project-2024/install/project_main/share/colcon-core/packages/project_main)
[0.930s] Level 1:colcon.colcon_core.environment:create_environment_scripts_only(project_interfaces)
[0.930s] Level 1:colcon.colcon_core.environment:checking '/home/zephyrus/Desktop/IoT/IoT/IoT-Project-2024/install/project_interfaces' for CMake module files
[0.931s] DEBUG:colcon.colcon_core.event_handler.log_command:Invoked command in '/home/zephyrus/Desktop/IoT/IoT/IoT-Project-2024/build/project_interfaces' returned '0': CMAKE_PREFIX_PATH=${CMAKE_PREFIX_PATH}:/home/zephyrus/Desktop/IoT/IoT/IoT-Project-2024/install/project_main:/opt/ros/humble /usr/bin/cmake --install /home/zephyrus/Desktop/IoT/IoT/IoT-Project-2024/build/project_interfaces
[0.931s] Level 1:colcon.colcon_core.environment:checking '/home/zephyrus/Desktop/IoT/IoT/IoT-Project-2024/install/project_interfaces' for CMake config files
[0.931s] Level 1:colcon.colcon_core.shell:create_environment_hook('project_interfaces', 'cmake_prefix_path')
[0.931s] INFO:colcon.colcon_core.shell:Creating environment hook '/home/zephyrus/Desktop/IoT/IoT/IoT-Project-2024/install/project_interfaces/share/project_interfaces/hook/cmake_prefix_path.ps1'
[0.932s] INFO:colcon.colcon_core.shell:Creating environment descriptor '/home/zephyrus/Desktop/IoT/IoT/IoT-Project-2024/install/project_interfaces/share/project_interfaces/hook/cmake_prefix_path.dsv'
[0.932s] INFO:colcon.colcon_core.shell:Creating environment hook '/home/zephyrus/Desktop/IoT/IoT/IoT-Project-2024/install/project_interfaces/share/project_interfaces/hook/cmake_prefix_path.sh'
[0.932s] Level 1:colcon.colcon_core.environment:checking '/home/zephyrus/Desktop/IoT/IoT/IoT-Project-2024/install/project_interfaces/lib'
[0.932s] Level 1:colcon.colcon_core.shell:create_environment_hook('project_interfaces', 'ld_library_path_lib')
[0.932s] INFO:colcon.colcon_core.shell:Creating environment hook '/home/zephyrus/Desktop/IoT/IoT/IoT-Project-2024/install/project_interfaces/share/project_interfaces/hook/ld_library_path_lib.ps1'
[0.933s] INFO:colcon.colcon_core.shell:Creating environment descriptor '/home/zephyrus/Desktop/IoT/IoT/IoT-Project-2024/install/project_interfaces/share/project_interfaces/hook/ld_library_path_lib.dsv'
[0.933s] INFO:colcon.colcon_core.shell:Creating environment hook '/home/zephyrus/Desktop/IoT/IoT/IoT-Project-2024/install/project_interfaces/share/project_interfaces/hook/ld_library_path_lib.sh'
[0.933s] Level 1:colcon.colcon_core.environment:checking '/home/zephyrus/Desktop/IoT/IoT/IoT-Project-2024/install/project_interfaces/bin'
[0.933s] Level 1:colcon.colcon_core.environment:checking '/home/zephyrus/Desktop/IoT/IoT/IoT-Project-2024/install/project_interfaces/lib/pkgconfig/project_interfaces.pc'
[0.933s] Level 1:colcon.colcon_core.environment:checking '/home/zephyrus/Desktop/IoT/IoT/IoT-Project-2024/install/project_interfaces/lib/python3.10/site-packages'
[0.933s] Level 1:colcon.colcon_core.environment:checking '/home/zephyrus/Desktop/IoT/IoT/IoT-Project-2024/install/project_interfaces/bin'
[0.934s] INFO:colcon.colcon_core.shell:Creating package script '/home/zephyrus/Desktop/IoT/IoT/IoT-Project-2024/install/project_interfaces/share/project_interfaces/package.ps1'
[0.934s] INFO:colcon.colcon_core.shell:Creating package descriptor '/home/zephyrus/Desktop/IoT/IoT/IoT-Project-2024/install/project_interfaces/share/project_interfaces/package.dsv'
[0.934s] INFO:colcon.colcon_core.shell:Creating package script '/home/zephyrus/Desktop/IoT/IoT/IoT-Project-2024/install/project_interfaces/share/project_interfaces/package.sh'
[0.934s] INFO:colcon.colcon_core.shell:Creating package script '/home/zephyrus/Desktop/IoT/IoT/IoT-Project-2024/install/project_interfaces/share/project_interfaces/package.bash'
[0.935s] INFO:colcon.colcon_core.shell:Creating package script '/home/zephyrus/Desktop/IoT/IoT/IoT-Project-2024/install/project_interfaces/share/project_interfaces/package.zsh'
[0.935s] Level 1:colcon.colcon_core.environment:create_file_with_runtime_dependencies(/home/zephyrus/Desktop/IoT/IoT/IoT-Project-2024/install/project_interfaces/share/colcon-core/packages/project_interfaces)
[1.005s] Level 1:colcon.colcon_core.environment:create_environment_scripts_only(project_interfaces)
[1.005s] Level 1:colcon.colcon_core.environment:checking '/home/zephyrus/Desktop/IoT/IoT/IoT-Project-2024/install/project_interfaces' for CMake module files
[1.005s] Level 1:colcon.colcon_core.environment:checking '/home/zephyrus/Desktop/IoT/IoT/IoT-Project-2024/install/project_interfaces' for CMake config files
[1.005s] Level 1:colcon.colcon_core.shell:create_environment_hook('project_interfaces', 'cmake_prefix_path')
[1.006s] INFO:colcon.colcon_core.shell:Creating environment hook '/home/zephyrus/Desktop/IoT/IoT/IoT-Project-2024/install/project_interfaces/share/project_interfaces/hook/cmake_prefix_path.ps1'
[1.006s] INFO:colcon.colcon_core.shell:Creating environment descriptor '/home/zephyrus/Desktop/IoT/IoT/IoT-Project-2024/install/project_interfaces/share/project_interfaces/hook/cmake_prefix_path.dsv'
[1.006s] INFO:colcon.colcon_core.shell:Creating environment hook '/home/zephyrus/Desktop/IoT/IoT/IoT-Project-2024/install/project_interfaces/share/project_interfaces/hook/cmake_prefix_path.sh'
[1.006s] Level 1:colcon.colcon_core.environment:checking '/home/zephyrus/Desktop/IoT/IoT/IoT-Project-2024/install/project_interfaces/lib'
[1.006s] Level 1:colcon.colcon_core.shell:create_environment_hook('project_interfaces', 'ld_library_path_lib')
[1.007s] INFO:colcon.colcon_core.shell:Creating environment hook '/home/zephyrus/Desktop/IoT/IoT/IoT-Project-2024/install/project_interfaces/share/project_interfaces/hook/ld_library_path_lib.ps1'
[1.007s] INFO:colcon.colcon_core.shell:Creating environment descriptor '/home/zephyrus/Desktop/IoT/IoT/IoT-Project-2024/install/project_interfaces/share/project_interfaces/hook/ld_library_path_lib.dsv'
[1.007s] INFO:colcon.colcon_core.shell:Creating environment hook '/home/zephyrus/Desktop/IoT/IoT/IoT-Project-2024/install/project_interfaces/share/project_interfaces/hook/ld_library_path_lib.sh'
[1.007s] Level 1:colcon.colcon_core.environment:checking '/home/zephyrus/Desktop/IoT/IoT/IoT-Project-2024/install/project_interfaces/bin'
[1.007s] Level 1:colcon.colcon_core.environment:checking '/home/zephyrus/Desktop/IoT/IoT/IoT-Project-2024/install/project_interfaces/lib/pkgconfig/project_interfaces.pc'
[1.007s] Level 1:colcon.colcon_core.environment:checking '/home/zephyrus/Desktop/IoT/IoT/IoT-Project-2024/install/project_interfaces/lib/python3.10/site-packages'
[1.008s] Level 1:colcon.colcon_core.environment:checking '/home/zephyrus/Desktop/IoT/IoT/IoT-Project-2024/install/project_interfaces/bin'
[1.009s] INFO:colcon.colcon_core.shell:Creating package script '/home/zephyrus/Desktop/IoT/IoT/IoT-Project-2024/install/project_interfaces/share/project_interfaces/package.ps1'
[1.010s] INFO:colcon.colcon_core.shell:Creating package descriptor '/home/zephyrus/Desktop/IoT/IoT/IoT-Project-2024/install/project_interfaces/share/project_interfaces/package.dsv'
[1.010s] INFO:colcon.colcon_core.shell:Creating package script '/home/zephyrus/Desktop/IoT/IoT/IoT-Project-2024/install/project_interfaces/share/project_interfaces/package.sh'
[1.011s] INFO:colcon.colcon_core.shell:Creating package script '/home/zephyrus/Desktop/IoT/IoT/IoT-Project-2024/install/project_interfaces/share/project_interfaces/package.bash'
[1.011s] INFO:colcon.colcon_core.shell:Creating package script '/home/zephyrus/Desktop/IoT/IoT/IoT-Project-2024/install/project_interfaces/share/project_interfaces/package.zsh'
[1.011s] Level 1:colcon.colcon_core.environment:create_file_with_runtime_dependencies(/home/zephyrus/Desktop/IoT/IoT/IoT-Project-2024/install/project_interfaces/share/colcon-core/packages/project_interfaces)
[1.011s] DEBUG:colcon.colcon_parallel_executor.executor.parallel:closing loop
[1.012s] DEBUG:colcon.colcon_parallel_executor.executor.parallel:loop closed
[1.012s] DEBUG:colcon.colcon_parallel_executor.executor.parallel:run_until_complete finished with '0'
[1.012s] DEBUG:colcon.colcon_core.event_reactor:joining thread
[1.016s] INFO:colcon.colcon_core.plugin_system:Skipping extension 'colcon_notification.desktop_notification.terminal_notifier': Not used on non-Darwin systems
[1.016s] INFO:colcon.colcon_core.plugin_system:Skipping extension 'colcon_notification.desktop_notification.win32': Not used on non-Windows systems
[1.016s] INFO:colcon.colcon_notification.desktop_notification:Sending desktop notification using 'notify2'
[1.028s] DEBUG:colcon.colcon_core.event_reactor:joined thread
[1.028s] INFO:colcon.colcon_core.shell:Creating prefix script '/home/zephyrus/Desktop/IoT/IoT/IoT-Project-2024/install/local_setup.ps1'
[1.029s] INFO:colcon.colcon_core.shell:Creating prefix util module '/home/zephyrus/Desktop/IoT/IoT/IoT-Project-2024/install/_local_setup_util_ps1.py'
[1.030s] INFO:colcon.colcon_core.shell:Creating prefix chain script '/home/zephyrus/Desktop/IoT/IoT/IoT-Project-2024/install/setup.ps1'
[1.035s] INFO:colcon.colcon_core.shell:Creating prefix script '/home/zephyrus/Desktop/IoT/IoT/IoT-Project-2024/install/local_setup.sh'
[1.036s] INFO:colcon.colcon_core.shell:Creating prefix util module '/home/zephyrus/Desktop/IoT/IoT/IoT-Project-2024/install/_local_setup_util_sh.py'
[1.037s] INFO:colcon.colcon_core.shell:Creating prefix chain script '/home/zephyrus/Desktop/IoT/IoT/IoT-Project-2024/install/setup.sh'
[1.038s] INFO:colcon.colcon_core.shell:Creating prefix script '/home/zephyrus/Desktop/IoT/IoT/IoT-Project-2024/install/local_setup.bash'
[1.038s] INFO:colcon.colcon_core.shell:Creating prefix chain script '/home/zephyrus/Desktop/IoT/IoT/IoT-Project-2024/install/setup.bash'
[1.039s] INFO:colcon.colcon_core.shell:Creating prefix script '/home/zephyrus/Desktop/IoT/IoT/IoT-Project-2024/install/local_setup.zsh'
[1.039s] INFO:colcon.colcon_core.shell:Creating prefix chain script '/home/zephyrus/Desktop/IoT/IoT/IoT-Project-2024/install/setup.zsh'
