[0.336s] Invoking command in '/home/zephyrus/Desktop/IoT/IoT-Project-2024/src/project_main': PYTHONPATH=/home/zephyrus/Desktop/IoT/IoT-Project-2024/build/project_main/prefix_override:/usr/lib/python3/dist-packages/colcon_core/task/python/colcon_distutils_commands:/home/zephyrus/Desktop/IoT/IoT-Project-2024/install/project_main/lib/python3.10/site-packages:${PYTHONPATH} /usr/bin/python3 -W ignore:setup.py install is deprecated setup.py egg_info --egg-base ../../build/project_main build --build-base /home/zephyrus/Desktop/IoT/IoT-Project-2024/build/project_main/build install --record /home/zephyrus/Desktop/IoT/IoT-Project-2024/build/project_main/install.log --single-version-externally-managed install_data
[0.464s] running egg_info
[0.464s] writing ../../build/project_main/project_main.egg-info/PKG-INFO
[0.464s] writing dependency_links to ../../build/project_main/project_main.egg-info/dependency_links.txt
[0.464s] writing entry points to ../../build/project_main/project_main.egg-info/entry_points.txt
[0.464s] writing requirements to ../../build/project_main/project_main.egg-info/requires.txt
[0.464s] writing top-level names to ../../build/project_main/project_main.egg-info/top_level.txt
[0.465s] reading manifest file '../../build/project_main/project_main.egg-info/SOURCES.txt'
[0.466s] writing manifest file '../../build/project_main/project_main.egg-info/SOURCES.txt'
[0.466s] running build
[0.466s] running build_py
[0.466s] copying project_main/simulation_manager.py -> /home/zephyrus/Desktop/IoT/IoT-Project-2024/build/project_main/build/lib/project_main
[0.466s] running install
[0.466s] running install_lib
[0.467s] copying /home/zephyrus/Desktop/IoT/IoT-Project-2024/build/project_main/build/lib/project_main/simulation_manager.py -> /home/zephyrus/Desktop/IoT/IoT-Project-2024/install/project_main/lib/python3.10/site-packages/project_main
[0.467s] byte-compiling /home/zephyrus/Desktop/IoT/IoT-Project-2024/install/project_main/lib/python3.10/site-packages/project_main/simulation_manager.py to simulation_manager.cpython-310.pyc
[0.468s] running install_data
[0.468s] running install_egg_info
[0.469s] removing '/home/zephyrus/Desktop/IoT/IoT-Project-2024/install/project_main/lib/python3.10/site-packages/project_main-0.0.0-py3.10.egg-info' (and everything under it)
[0.469s] Copying ../../build/project_main/project_main.egg-info to /home/zephyrus/Desktop/IoT/IoT-Project-2024/install/project_main/lib/python3.10/site-packages/project_main-0.0.0-py3.10.egg-info
[0.469s] running install_scripts
[0.482s] Installing balloon_controller script to /home/zephyrus/Desktop/IoT/IoT-Project-2024/install/project_main/lib/project_main
[0.482s] Installing base_station script to /home/zephyrus/Desktop/IoT/IoT-Project-2024/install/project_main/lib/project_main
[0.482s] Installing fleet_coordinator script to /home/zephyrus/Desktop/IoT/IoT-Project-2024/install/project_main/lib/project_main
[0.482s] Installing sensor_controller script to /home/zephyrus/Desktop/IoT/IoT-Project-2024/install/project_main/lib/project_main
[0.482s] Installing simulation_manager script to /home/zephyrus/Desktop/IoT/IoT-Project-2024/install/project_main/lib/project_main
[0.482s] writing list of installed files to '/home/zephyrus/Desktop/IoT/IoT-Project-2024/build/project_main/install.log'
[0.494s] Invoked command in '/home/zephyrus/Desktop/IoT/IoT-Project-2024/src/project_main' returned '0': PYTHONPATH=/home/zephyrus/Desktop/IoT/IoT-Project-2024/build/project_main/prefix_override:/usr/lib/python3/dist-packages/colcon_core/task/python/colcon_distutils_commands:/home/zephyrus/Desktop/IoT/IoT-Project-2024/install/project_main/lib/python3.10/site-packages:${PYTHONPATH} /usr/bin/python3 -W ignore:setup.py install is deprecated setup.py egg_info --egg-base ../../build/project_main build --build-base /home/zephyrus/Desktop/IoT/IoT-Project-2024/build/project_main/build install --record /home/zephyrus/Desktop/IoT/IoT-Project-2024/build/project_main/install.log --single-version-externally-managed install_data
